Performing C++ SOURCE FILE Test ADDRESS_SANITIZER_AVAILABLE failed with the following compile output:
Change Dir: D:/Code/DC-Cryptocurrency/dcc_client/out/CMakeFiles/CMakeTmp

Run Build Command(s):C:/Program Files/Microsoft Visual Studio/2022/Preview/MSBuild/Current/Bin/amd64/MSBuild.exe cmTC_79b4f.vcxproj /p:Configuration=Debug /p:Platform=x64 /p:VisualStudioVersion=17.0 /v:m && MSBuild version 17.10.4+10fbfbf2e for .NET Framework

  Microsoft (R) C/C++ Optimizing Compiler Version 19.40.33808 for x64
  Copyright (C) Microsoft Corporation.  All rights reserved.
  cl /c /I"C:\Users\Sam\vcpkg\installed\x64-windows\include" /Zi /W3 /WX- /diagnostics:column /Od /Ob0 /D _MBCS /D WIN32 /D _WINDOWS /D ADDRESS_SANITIZER_AVAILABLE /D "CMAKE_INTDIR=\"Debug\"" /Gm- /EHsc /RTC1 /MDd /GS /fp:precise /Zc:wchar_t /Zc:forScope /Zc:inline /GR /Fo"cmTC_79b4f.dir\Debug\\" /Fd"cmTC_79b4f.dir\Debug\vc143.pdb" /external:W3 /Gd /TP /errorReport:queue  -fsanitize=address "D:\Code\DC-Cryptocurrency\dcc_client\out\CMakeFiles\CMakeTmp\src.cxx"
  src.cxx
  cmTC_79b4f.vcxproj -> D:\Code\DC-Cryptocurrency\dcc_client\out\CMakeFiles\CMakeTmp\Debug\cmTC_79b4f.exe


...and run output:
Exit code 0xc0000135

Return value: FAILED_TO_RUN
Source file was:
int main() { return 0; }
Performing C++ SOURCE FILE Test LEAK_SANITIZER_AVAILABLE failed with the following output:
Change Dir: D:/Code/DC-Cryptocurrency/dcc_client/out/CMakeFiles/CMakeTmp

Run Build Command(s):C:/Program Files/Microsoft Visual Studio/2022/Preview/MSBuild/Current/Bin/amd64/MSBuild.exe cmTC_1f661.vcxproj /p:Configuration=Debug /p:Platform=x64 /p:VisualStudioVersion=17.0 /v:m && MSBuild version 17.10.4+10fbfbf2e for .NET Framework

  Microsoft (R) C/C++ Optimizing Compiler Version 19.40.33808 for x64
  Copyright (C) Microsoft Corporation.  All rights reserved.
  cl /c /I"C:\Users\Sam\vcpkg\installed\x64-windows\include" /Zi /W3 /WX- /diagnostics:column /Od /Ob0 /D _MBCS /D WIN32 /D _WINDOWS /D LEAK_SANITIZER_AVAILABLE /D "CMAKE_INTDIR=\"Debug\"" /Gm- /EHsc /RTC1 /MDd /GS /fp:precise /Zc:wchar_t /Zc:forScope /Zc:inline /GR /Fo"cmTC_1f661.dir\Debug\\" /Fd"cmTC_1f661.dir\Debug\vc143.pdb" /external:W3 /Gd /TP /errorReport:queue  -fsanitize=leak "D:\Code\DC-Cryptocurrency\dcc_client\out\CMakeFiles\CMakeTmp\src.cxx"
cl : command line  warning D9002: ignoring unknown option '-fsanitize=leak' [D:\Code\DC-Cryptocurrency\dcc_client\out\CMakeFiles\CMakeTmp\cmTC_1f661.vcxproj]
  src.cxx
  cmTC_1f661.vcxproj -> D:\Code\DC-Cryptocurrency\dcc_client\out\CMakeFiles\CMakeTmp\Debug\cmTC_1f661.exe


Source file was:
int main() { return 0; }
Performing C++ SOURCE FILE Test UNDEFINED_BEHAVIOUR_SANITIZER_AVAILABLE failed with the following output:
Change Dir: D:/Code/DC-Cryptocurrency/dcc_client/out/CMakeFiles/CMakeTmp

Run Build Command(s):C:/Program Files/Microsoft Visual Studio/2022/Preview/MSBuild/Current/Bin/amd64/MSBuild.exe cmTC_60ffc.vcxproj /p:Configuration=Debug /p:Platform=x64 /p:VisualStudioVersion=17.0 /v:m && MSBuild version 17.10.4+10fbfbf2e for .NET Framework

  Microsoft (R) C/C++ Optimizing Compiler Version 19.40.33808 for x64
  Copyright (C) Microsoft Corporation.  All rights reserved.
  cl /c /I"C:\Users\Sam\vcpkg\installed\x64-windows\include" /Zi /W3 /WX- /diagnostics:column /Od /Ob0 /D _MBCS /D WIN32 /D _WINDOWS /D UNDEFINED_BEHAVIOUR_SANITIZER_AVAILABLE /D "CMAKE_INTDIR=\"Debug\"" /Gm- /EHsc /RTC1 /MDd /GS /fp:precise /Zc:wchar_t /Zc:forScope /Zc:inline /GR /Fo"cmTC_60ffc.dir\Debug\\" /Fd"cmTC_60ffc.dir\Debug\vc143.pdb" /external:W3 /Gd /TP /errorReport:queue  -fsanitize=undefined "D:\Code\DC-Cryptocurrency\dcc_client\out\CMakeFiles\CMakeTmp\src.cxx"
cl : command line  warning D9002: ignoring unknown option '-fsanitize=undefined' [D:\Code\DC-Cryptocurrency\dcc_client\out\CMakeFiles\CMakeTmp\cmTC_60ffc.vcxproj]
  src.cxx
  cmTC_60ffc.vcxproj -> D:\Code\DC-Cryptocurrency\dcc_client\out\CMakeFiles\CMakeTmp\Debug\cmTC_60ffc.exe


Source file was:
int main() { return 0; }
Determining if the include file sys/sdt.h exists failed with the following output:
Change Dir: D:/Code/DC-Cryptocurrency/dcc_client/out/CMakeFiles/CMakeTmp

Run Build Command(s):C:/Program Files/Microsoft Visual Studio/2022/Preview/MSBuild/Current/Bin/amd64/MSBuild.exe cmTC_863cf.vcxproj /p:Configuration=Debug /p:Platform=x64 /p:VisualStudioVersion=17.0 /v:m && MSBuild version 17.10.4+10fbfbf2e for .NET Framework

  Microsoft (R) C/C++ Optimizing Compiler Version 19.40.33808 for x64
  Copyright (C) Microsoft Corporation.  All rights reserved.
  cl /c /I"C:\Users\Sam\vcpkg\installed\x64-windows\include" /Zi /W3 /WX- /diagnostics:column /Od /Ob0 /D _MBCS /D WIN32 /D _WINDOWS /D "CMAKE_INTDIR=\"Debug\"" /Gm- /RTC1 /MDd /GS /fp:precise /Zc:wchar_t /Zc:forScope /Zc:inline /Fo"cmTC_863cf.dir\Debug\\" /Fd"cmTC_863cf.dir\Debug\vc143.pdb" /external:W3 /Gd /TC /errorReport:queue "D:\Code\DC-Cryptocurrency\dcc_client\out\CMakeFiles\CMakeTmp\CheckIncludeFile.c"
  CheckIncludeFile.c
D:\Code\DC-Cryptocurrency\dcc_client\out\CMakeFiles\CMakeTmp\CheckIncludeFile.c(1,10): error C1083: Cannot open include file: 'sys/sdt.h': No such file or directory [D:\Code\DC-Cryptocurrency\dcc_client\out\CMakeFiles\CMakeTmp\cmTC_863cf.vcxproj]



Determining if the include file unistd.h exists failed with the following output:
Change Dir: D:/Code/DC-Cryptocurrency/dcc_client/out/CMakeFiles/CMakeTmp

Run Build Command(s):C:/Program Files/Microsoft Visual Studio/2022/Preview/MSBuild/Current/Bin/amd64/MSBuild.exe cmTC_fd89c.vcxproj /p:Configuration=Debug /p:Platform=x64 /p:VisualStudioVersion=17.0 /v:m && MSBuild version 17.10.4+10fbfbf2e for .NET Framework

  Microsoft (R) C/C++ Optimizing Compiler Version 19.40.33808 for x64
  Copyright (C) Microsoft Corporation.  All rights reserved.
  cl /c /I"C:\Users\Sam\vcpkg\installed\x64-windows\include" /Zi /W3 /WX- /diagnostics:column /Od /Ob0 /D _MBCS /D WIN32 /D _WINDOWS /D "CMAKE_INTDIR=\"Debug\"" /Gm- /RTC1 /MDd /GS /fp:precise /Zc:wchar_t /Zc:forScope /Zc:inline /Fo"cmTC_fd89c.dir\Debug\\" /Fd"cmTC_fd89c.dir\Debug\vc143.pdb" /external:W3 /Gd /TC /errorReport:queue "D:\Code\DC-Cryptocurrency\dcc_client\out\CMakeFiles\CMakeTmp\CheckIncludeFile.c"
  CheckIncludeFile.c
D:\Code\DC-Cryptocurrency\dcc_client\out\CMakeFiles\CMakeTmp\CheckIncludeFile.c(1,10): error C1083: Cannot open include file: 'unistd.h': No such file or directory [D:\Code\DC-Cryptocurrency\dcc_client\out\CMakeFiles\CMakeTmp\cmTC_fd89c.vcxproj]



Determining size of off64_t failed with the following output:
Change Dir: D:/Code/DC-Cryptocurrency/dcc_client/out/CMakeFiles/CMakeTmp

Run Build Command(s):C:/Program Files/Microsoft Visual Studio/2022/Preview/MSBuild/Current/Bin/amd64/MSBuild.exe cmTC_43e55.vcxproj /p:Configuration=Debug /p:Platform=x64 /p:VisualStudioVersion=17.0 /v:m && MSBuild version 17.10.4+10fbfbf2e for .NET Framework

  Microsoft (R) C/C++ Optimizing Compiler Version 19.40.33808 for x64
  Copyright (C) Microsoft Corporation.  All rights reserved.
  cl /c /I"C:\Users\Sam\vcpkg\installed\x64-windows\include" /Zi /W3 /WX- /diagnostics:column /Od /Ob0 /D _MBCS /D WIN32 /D _WINDOWS /D _LARGEFILE64_SOURCE=1 /D __USE_LARGEFILE64 /D "CMAKE_INTDIR=\"Debug\"" /Gm- /RTC1 /MDd /GS /fp:precise /Zc:wchar_t /Zc:forScope /Zc:inline /Fo"cmTC_43e55.dir\Debug\\" /Fd"cmTC_43e55.dir\Debug\vc143.pdb" /external:W3 /Gd /TC /errorReport:queue "D:\Code\DC-Cryptocurrency\dcc_client\out\CMakeFiles\CheckTypeSize\OFF64_T.c"
  OFF64_T.c
D:\Code\DC-Cryptocurrency\dcc_client\out\CMakeFiles\CheckTypeSize\OFF64_T.c(29,12): error C2065: 'off64_t': undeclared identifier [D:\Code\DC-Cryptocurrency\dcc_client\out\CMakeFiles\CMakeTmp\cmTC_43e55.vcxproj]
D:\Code\DC-Cryptocurrency\dcc_client\out\CMakeFiles\CheckTypeSize\OFF64_T.c(30,12): error C2065: 'off64_t': undeclared identifier [D:\Code\DC-Cryptocurrency\dcc_client\out\CMakeFiles\CMakeTmp\cmTC_43e55.vcxproj]
D:\Code\DC-Cryptocurrency\dcc_client\out\CMakeFiles\CheckTypeSize\OFF64_T.c(31,12): error C2065: 'off64_t': undeclared identifier [D:\Code\DC-Cryptocurrency\dcc_client\out\CMakeFiles\CMakeTmp\cmTC_43e55.vcxproj]
D:\Code\DC-Cryptocurrency\dcc_client\out\CMakeFiles\CheckTypeSize\OFF64_T.c(32,12): error C2065: 'off64_t': undeclared identifier [D:\Code\DC-Cryptocurrency\dcc_client\out\CMakeFiles\CMakeTmp\cmTC_43e55.vcxproj]
D:\Code\DC-Cryptocurrency\dcc_client\out\CMakeFiles\CheckTypeSize\OFF64_T.c(33,12): error C2065: 'off64_t': undeclared identifier [D:\Code\DC-Cryptocurrency\dcc_client\out\CMakeFiles\CMakeTmp\cmTC_43e55.vcxproj]


D:/Code/DC-Cryptocurrency/dcc_client/out/CMakeFiles/CheckTypeSize/OFF64_T.c:
#include <sys/types.h>
#include <stdint.h>
#include <stddef.h>


#undef KEY
#if defined(__i386)
# define KEY '_','_','i','3','8','6'
#elif defined(__x86_64)
# define KEY '_','_','x','8','6','_','6','4'
#elif defined(__PPC64__)
# define KEY '_','_','P','P','C','6','4','_','_'
#elif defined(__ppc64__)
# define KEY '_','_','p','p','c','6','4','_','_'
#elif defined(__PPC__)
# define KEY '_','_','P','P','C','_','_'
#elif defined(__ppc__)
# define KEY '_','_','p','p','c','_','_'
#elif defined(__aarch64__)
# define KEY '_','_','a','a','r','c','h','6','4','_','_'
#elif defined(__ARM_ARCH_7A__)
# define KEY '_','_','A','R','M','_','A','R','C','H','_','7','A','_','_'
#elif defined(__ARM_ARCH_7S__)
# define KEY '_','_','A','R','M','_','A','R','C','H','_','7','S','_','_'
#endif

#define SIZE (sizeof(off64_t))
static char info_size[] =  {'I', 'N', 'F', 'O', ':', 's','i','z','e','[',
  ('0' + ((SIZE / 10000)%10)),
  ('0' + ((SIZE / 1000)%10)),
  ('0' + ((SIZE / 100)%10)),
  ('0' + ((SIZE / 10)%10)),
  ('0' +  (SIZE    % 10)),
  ']',
#ifdef KEY
  ' ','k','e','y','[', KEY, ']',
#endif
  '\0'};

#ifdef __CLASSIC_C__
int main(argc, argv) int argc; char *argv[];
#else
int main(int argc, char *argv[])
#endif
{
  int require = 0;
  require += info_size[argc];
  (void)argv;
  return require;
}


Determining size of _off64_t failed with the following output:
Change Dir: D:/Code/DC-Cryptocurrency/dcc_client/out/CMakeFiles/CMakeTmp

Run Build Command(s):C:/Program Files/Microsoft Visual Studio/2022/Preview/MSBuild/Current/Bin/amd64/MSBuild.exe cmTC_cf2d6.vcxproj /p:Configuration=Debug /p:Platform=x64 /p:VisualStudioVersion=17.0 /v:m && MSBuild version 17.10.4+10fbfbf2e for .NET Framework

  Microsoft (R) C/C++ Optimizing Compiler Version 19.40.33808 for x64
  Copyright (C) Microsoft Corporation.  All rights reserved.
  cl /c /I"C:\Users\Sam\vcpkg\installed\x64-windows\include" /Zi /W3 /WX- /diagnostics:column /Od /Ob0 /D _MBCS /D WIN32 /D _WINDOWS /D _LARGEFILE64_SOURCE=1 /D __USE_LARGEFILE64 /D "CMAKE_INTDIR=\"Debug\"" /Gm- /RTC1 /MDd /GS /fp:precise /Zc:wchar_t /Zc:forScope /Zc:inline /Fo"cmTC_cf2d6.dir\Debug\\" /Fd"cmTC_cf2d6.dir\Debug\vc143.pdb" /external:W3 /Gd /TC /errorReport:queue "D:\Code\DC-Cryptocurrency\dcc_client\out\CMakeFiles\CheckTypeSize\_OFF64_T.c"
  _OFF64_T.c
D:\Code\DC-Cryptocurrency\dcc_client\out\CMakeFiles\CheckTypeSize\_OFF64_T.c(29,12): error C2065: '_off64_t': undeclared identifier [D:\Code\DC-Cryptocurrency\dcc_client\out\CMakeFiles\CMakeTmp\cmTC_cf2d6.vcxproj]
D:\Code\DC-Cryptocurrency\dcc_client\out\CMakeFiles\CheckTypeSize\_OFF64_T.c(30,12): error C2065: '_off64_t': undeclared identifier [D:\Code\DC-Cryptocurrency\dcc_client\out\CMakeFiles\CMakeTmp\cmTC_cf2d6.vcxproj]
D:\Code\DC-Cryptocurrency\dcc_client\out\CMakeFiles\CheckTypeSize\_OFF64_T.c(31,12): error C2065: '_off64_t': undeclared identifier [D:\Code\DC-Cryptocurrency\dcc_client\out\CMakeFiles\CMakeTmp\cmTC_cf2d6.vcxproj]
D:\Code\DC-Cryptocurrency\dcc_client\out\CMakeFiles\CheckTypeSize\_OFF64_T.c(32,12): error C2065: '_off64_t': undeclared identifier [D:\Code\DC-Cryptocurrency\dcc_client\out\CMakeFiles\CMakeTmp\cmTC_cf2d6.vcxproj]
D:\Code\DC-Cryptocurrency\dcc_client\out\CMakeFiles\CheckTypeSize\_OFF64_T.c(33,12): error C2065: '_off64_t': undeclared identifier [D:\Code\DC-Cryptocurrency\dcc_client\out\CMakeFiles\CMakeTmp\cmTC_cf2d6.vcxproj]


D:/Code/DC-Cryptocurrency/dcc_client/out/CMakeFiles/CheckTypeSize/_OFF64_T.c:
#include <sys/types.h>
#include <stdint.h>
#include <stddef.h>


#undef KEY
#if defined(__i386)
# define KEY '_','_','i','3','8','6'
#elif defined(__x86_64)
# define KEY '_','_','x','8','6','_','6','4'
#elif defined(__PPC64__)
# define KEY '_','_','P','P','C','6','4','_','_'
#elif defined(__ppc64__)
# define KEY '_','_','p','p','c','6','4','_','_'
#elif defined(__PPC__)
# define KEY '_','_','P','P','C','_','_'
#elif defined(__ppc__)
# define KEY '_','_','p','p','c','_','_'
#elif defined(__aarch64__)
# define KEY '_','_','a','a','r','c','h','6','4','_','_'
#elif defined(__ARM_ARCH_7A__)
# define KEY '_','_','A','R','M','_','A','R','C','H','_','7','A','_','_'
#elif defined(__ARM_ARCH_7S__)
# define KEY '_','_','A','R','M','_','A','R','C','H','_','7','S','_','_'
#endif

#define SIZE (sizeof(_off64_t))
static char info_size[] =  {'I', 'N', 'F', 'O', ':', 's','i','z','e','[',
  ('0' + ((SIZE / 10000)%10)),
  ('0' + ((SIZE / 1000)%10)),
  ('0' + ((SIZE / 100)%10)),
  ('0' + ((SIZE / 10)%10)),
  ('0' +  (SIZE    % 10)),
  ']',
#ifdef KEY
  ' ','k','e','y','[', KEY, ']',
#endif
  '\0'};

#ifdef __CLASSIC_C__
int main(argc, argv) int argc; char *argv[];
#else
int main(int argc, char *argv[])
#endif
{
  int require = 0;
  require += info_size[argc];
  (void)argv;
  return require;
}


Determining size of __off64_t failed with the following output:
Change Dir: D:/Code/DC-Cryptocurrency/dcc_client/out/CMakeFiles/CMakeTmp

Run Build Command(s):C:/Program Files/Microsoft Visual Studio/2022/Preview/MSBuild/Current/Bin/amd64/MSBuild.exe cmTC_ed502.vcxproj /p:Configuration=Debug /p:Platform=x64 /p:VisualStudioVersion=17.0 /v:m && MSBuild version 17.10.4+10fbfbf2e for .NET Framework

  Microsoft (R) C/C++ Optimizing Compiler Version 19.40.33808 for x64
  Copyright (C) Microsoft Corporation.  All rights reserved.
  cl /c /I"C:\Users\Sam\vcpkg\installed\x64-windows\include" /Zi /W3 /WX- /diagnostics:column /Od /Ob0 /D _MBCS /D WIN32 /D _WINDOWS /D _LARGEFILE64_SOURCE=1 /D __USE_LARGEFILE64 /D "CMAKE_INTDIR=\"Debug\"" /Gm- /RTC1 /MDd /GS /fp:precise /Zc:wchar_t /Zc:forScope /Zc:inline /Fo"cmTC_ed502.dir\Debug\\" /Fd"cmTC_ed502.dir\Debug\vc143.pdb" /external:W3 /Gd /TC /errorReport:queue "D:\Code\DC-Cryptocurrency\dcc_client\out\CMakeFiles\CheckTypeSize\__OFF64_T.c"
  __OFF64_T.c
D:\Code\DC-Cryptocurrency\dcc_client\out\CMakeFiles\CheckTypeSize\__OFF64_T.c(29,12): error C2065: '__off64_t': undeclared identifier [D:\Code\DC-Cryptocurrency\dcc_client\out\CMakeFiles\CMakeTmp\cmTC_ed502.vcxproj]
D:\Code\DC-Cryptocurrency\dcc_client\out\CMakeFiles\CheckTypeSize\__OFF64_T.c(30,12): error C2065: '__off64_t': undeclared identifier [D:\Code\DC-Cryptocurrency\dcc_client\out\CMakeFiles\CMakeTmp\cmTC_ed502.vcxproj]
D:\Code\DC-Cryptocurrency\dcc_client\out\CMakeFiles\CheckTypeSize\__OFF64_T.c(31,12): error C2065: '__off64_t': undeclared identifier [D:\Code\DC-Cryptocurrency\dcc_client\out\CMakeFiles\CMakeTmp\cmTC_ed502.vcxproj]
D:\Code\DC-Cryptocurrency\dcc_client\out\CMakeFiles\CheckTypeSize\__OFF64_T.c(32,12): error C2065: '__off64_t': undeclared identifier [D:\Code\DC-Cryptocurrency\dcc_client\out\CMakeFiles\CMakeTmp\cmTC_ed502.vcxproj]
D:\Code\DC-Cryptocurrency\dcc_client\out\CMakeFiles\CheckTypeSize\__OFF64_T.c(33,12): error C2065: '__off64_t': undeclared identifier [D:\Code\DC-Cryptocurrency\dcc_client\out\CMakeFiles\CMakeTmp\cmTC_ed502.vcxproj]


D:/Code/DC-Cryptocurrency/dcc_client/out/CMakeFiles/CheckTypeSize/__OFF64_T.c:
#include <sys/types.h>
#include <stdint.h>
#include <stddef.h>


#undef KEY
#if defined(__i386)
# define KEY '_','_','i','3','8','6'
#elif defined(__x86_64)
# define KEY '_','_','x','8','6','_','6','4'
#elif defined(__PPC64__)
# define KEY '_','_','P','P','C','6','4','_','_'
#elif defined(__ppc64__)
# define KEY '_','_','p','p','c','6','4','_','_'
#elif defined(__PPC__)
# define KEY '_','_','P','P','C','_','_'
#elif defined(__ppc__)
# define KEY '_','_','p','p','c','_','_'
#elif defined(__aarch64__)
# define KEY '_','_','a','a','r','c','h','6','4','_','_'
#elif defined(__ARM_ARCH_7A__)
# define KEY '_','_','A','R','M','_','A','R','C','H','_','7','A','_','_'
#elif defined(__ARM_ARCH_7S__)
# define KEY '_','_','A','R','M','_','A','R','C','H','_','7','S','_','_'
#endif

#define SIZE (sizeof(__off64_t))
static char info_size[] =  {'I', 'N', 'F', 'O', ':', 's','i','z','e','[',
  ('0' + ((SIZE / 10000)%10)),
  ('0' + ((SIZE / 1000)%10)),
  ('0' + ((SIZE / 100)%10)),
  ('0' + ((SIZE / 10)%10)),
  ('0' +  (SIZE    % 10)),
  ']',
#ifdef KEY
  ' ','k','e','y','[', KEY, ']',
#endif
  '\0'};

#ifdef __CLASSIC_C__
int main(argc, argv) int argc; char *argv[];
#else
int main(int argc, char *argv[])
#endif
{
  int require = 0;
  require += info_size[argc];
  (void)argv;
  return require;
}


Determining if the function fseeko exists failed with the following output:
Change Dir: D:/Code/DC-Cryptocurrency/dcc_client/out/CMakeFiles/CMakeTmp

Run Build Command(s):C:/Program Files/Microsoft Visual Studio/2022/Preview/MSBuild/Current/Bin/amd64/MSBuild.exe cmTC_f3b1a.vcxproj /p:Configuration=Debug /p:Platform=x64 /p:VisualStudioVersion=17.0 /v:m && MSBuild version 17.10.4+10fbfbf2e for .NET Framework

  Microsoft (R) C/C++ Optimizing Compiler Version 19.40.33808 for x64
  Copyright (C) Microsoft Corporation.  All rights reserved.
  cl /c /I"C:\Users\Sam\vcpkg\installed\x64-windows\include" /Zi /W3 /WX- /diagnostics:column /Od /Ob0 /D _MBCS /D WIN32 /D _WINDOWS /D CHECK_FUNCTION_EXISTS=fseeko /D "CMAKE_INTDIR=\"Debug\"" /Gm- /RTC1 /MDd /GS /fp:precise /Zc:wchar_t /Zc:forScope /Zc:inline /Fo"cmTC_f3b1a.dir\Debug\\" /Fd"cmTC_f3b1a.dir\Debug\vc143.pdb" /external:W3 /Gd /TC /errorReport:queue "C:\Program Files\CMake\share\cmake-3.21\Modules\CheckFunctionExists.c"
  CheckFunctionExists.c
CheckFunctionExists.obj : error LNK2019: unresolved external symbol fseeko referenced in function main [D:\Code\DC-Cryptocurrency\dcc_client\out\CMakeFiles\CMakeTmp\cmTC_f3b1a.vcxproj]
D:\Code\DC-Cryptocurrency\dcc_client\out\CMakeFiles\CMakeTmp\Debug\cmTC_f3b1a.exe : fatal error LNK1120: 1 unresolved externals [D:\Code\DC-Cryptocurrency\dcc_client\out\CMakeFiles\CMakeTmp\cmTC_f3b1a.vcxproj]



Performing C SOURCE FILE Test HAVE_NO_INTERPOSITION failed with the following output:
Change Dir: D:/Code/DC-Cryptocurrency/dcc_client/out/CMakeFiles/CMakeTmp

Run Build Command(s):C:/Program Files/Microsoft Visual Studio/2022/Preview/MSBuild/Current/Bin/amd64/MSBuild.exe cmTC_c9a89.vcxproj /p:Configuration=Debug /p:Platform=x64 /p:VisualStudioVersion=17.0 /v:m && MSBuild version 17.10.4+10fbfbf2e for .NET Framework

  Microsoft (R) C/C++ Optimizing Compiler Version 19.40.33808 for x64
  Copyright (C) Microsoft Corporation.  All rights reserved.
  cl /c /I"C:\Users\Sam\vcpkg\installed\x64-windows\include" /Zi /W3 /WX- /diagnostics:column /Od /Ob0 /D _MBCS /D WIN32 /D _WINDOWS /D HAVE_NO_INTERPOSITION /D "CMAKE_INTDIR=\"Debug\"" /Gm- /RTC1 /MDd /GS /fp:precise /Zc:wchar_t /Zc:forScope /Zc:inline /Fo"cmTC_c9a89.dir\Debug\\" /Fd"cmTC_c9a89.dir\Debug\vc143.pdb" /external:W3 /Gd /TC /errorReport:queue  -fno-semantic-interposition "D:\Code\DC-Cryptocurrency\dcc_client\out\CMakeFiles\CMakeTmp\src.c"
cl : command line  warning D9002: ignoring unknown option '-fno-semantic-interposition' [D:\Code\DC-Cryptocurrency\dcc_client\out\CMakeFiles\CMakeTmp\cmTC_c9a89.vcxproj]
  src.c
  cmTC_c9a89.vcxproj -> D:\Code\DC-Cryptocurrency\dcc_client\out\CMakeFiles\CMakeTmp\Debug\cmTC_c9a89.exe


Source file was:
int main(void) { return 0; }
Performing C SOURCE FILE Test HAVE_ATTRIBUTE_VISIBILITY_HIDDEN failed with the following output:
Change Dir: D:/Code/DC-Cryptocurrency/dcc_client/out/CMakeFiles/CMakeTmp

Run Build Command(s):C:/Program Files/Microsoft Visual Studio/2022/Preview/MSBuild/Current/Bin/amd64/MSBuild.exe cmTC_f5540.vcxproj /p:Configuration=Debug /p:Platform=x64 /p:VisualStudioVersion=17.0 /v:m && MSBuild version 17.10.4+10fbfbf2e for .NET Framework

  Microsoft (R) C/C++ Optimizing Compiler Version 19.40.33808 for x64
  Copyright (C) Microsoft Corporation.  All rights reserved.
  cl /c /I"C:\Users\Sam\vcpkg\installed\x64-windows\include" /Zi /W3 /WX- /diagnostics:column /Od /Ob0 /D _MBCS /D WIN32 /D _WINDOWS /D HAVE_ATTRIBUTE_VISIBILITY_HIDDEN /D "CMAKE_INTDIR=\"Debug\"" /Gm- /RTC1 /MDd /GS /fp:precise /Zc:wchar_t /Zc:forScope /Zc:inline /Fo"cmTC_f5540.dir\Debug\\" /Fd"cmTC_f5540.dir\Debug\vc143.pdb" /external:W3 /Gd /TC /errorReport:queue "D:\Code\DC-Cryptocurrency\dcc_client\out\CMakeFiles\CMakeTmp\src.c"
  src.c
D:\Code\DC-Cryptocurrency\dcc_client\out\CMakeFiles\CMakeTmp\src.c(2,9): error C2143: syntax error: missing ')' before '(' [D:\Code\DC-Cryptocurrency\dcc_client\out\CMakeFiles\CMakeTmp\cmTC_f5540.vcxproj]
D:\Code\DC-Cryptocurrency\dcc_client\out\CMakeFiles\CMakeTmp\src.c(2,9): error C2091: function returns function [D:\Code\DC-Cryptocurrency\dcc_client\out\CMakeFiles\CMakeTmp\cmTC_f5540.vcxproj]
D:\Code\DC-Cryptocurrency\dcc_client\out\CMakeFiles\CMakeTmp\src.c(2,9): error C2143: syntax error: missing ')' before 'string' [D:\Code\DC-Cryptocurrency\dcc_client\out\CMakeFiles\CMakeTmp\cmTC_f5540.vcxproj]
D:\Code\DC-Cryptocurrency\dcc_client\out\CMakeFiles\CMakeTmp\src.c(2,9): error C2143: syntax error: missing '{' before 'string' [D:\Code\DC-Cryptocurrency\dcc_client\out\CMakeFiles\CMakeTmp\cmTC_f5540.vcxproj]
D:\Code\DC-Cryptocurrency\dcc_client\out\CMakeFiles\CMakeTmp\src.c(2,9): error C2059: syntax error: 'string' [D:\Code\DC-Cryptocurrency\dcc_client\out\CMakeFiles\CMakeTmp\cmTC_f5540.vcxproj]
D:\Code\DC-Cryptocurrency\dcc_client\out\CMakeFiles\CMakeTmp\src.c(2,9): error C2059: syntax error: ')' [D:\Code\DC-Cryptocurrency\dcc_client\out\CMakeFiles\CMakeTmp\cmTC_f5540.vcxproj]


Source file was:
#define Z_INTERNAL __attribute__((visibility ("hidden")))
    int Z_INTERNAL foo;
    int main() {
        return 0;
    }
Performing C SOURCE FILE Test HAVE_ATTRIBUTE_VISIBILITY_INTERNAL failed with the following output:
Change Dir: D:/Code/DC-Cryptocurrency/dcc_client/out/CMakeFiles/CMakeTmp

Run Build Command(s):C:/Program Files/Microsoft Visual Studio/2022/Preview/MSBuild/Current/Bin/amd64/MSBuild.exe cmTC_e926d.vcxproj /p:Configuration=Debug /p:Platform=x64 /p:VisualStudioVersion=17.0 /v:m && MSBuild version 17.10.4+10fbfbf2e for .NET Framework

  Microsoft (R) C/C++ Optimizing Compiler Version 19.40.33808 for x64
  Copyright (C) Microsoft Corporation.  All rights reserved.
  cl /c /I"C:\Users\Sam\vcpkg\installed\x64-windows\include" /Zi /W3 /WX- /diagnostics:column /Od /Ob0 /D _MBCS /D WIN32 /D _WINDOWS /D HAVE_ATTRIBUTE_VISIBILITY_INTERNAL /D "CMAKE_INTDIR=\"Debug\"" /Gm- /RTC1 /MDd /GS /fp:precise /Zc:wchar_t /Zc:forScope /Zc:inline /Fo"cmTC_e926d.dir\Debug\\" /Fd"cmTC_e926d.dir\Debug\vc143.pdb" /external:W3 /Gd /TC /errorReport:queue "D:\Code\DC-Cryptocurrency\dcc_client\out\CMakeFiles\CMakeTmp\src.c"
  src.c
D:\Code\DC-Cryptocurrency\dcc_client\out\CMakeFiles\CMakeTmp\src.c(2,9): error C2143: syntax error: missing ')' before '(' [D:\Code\DC-Cryptocurrency\dcc_client\out\CMakeFiles\CMakeTmp\cmTC_e926d.vcxproj]
D:\Code\DC-Cryptocurrency\dcc_client\out\CMakeFiles\CMakeTmp\src.c(2,9): error C2091: function returns function [D:\Code\DC-Cryptocurrency\dcc_client\out\CMakeFiles\CMakeTmp\cmTC_e926d.vcxproj]
D:\Code\DC-Cryptocurrency\dcc_client\out\CMakeFiles\CMakeTmp\src.c(2,9): error C2143: syntax error: missing ')' before 'string' [D:\Code\DC-Cryptocurrency\dcc_client\out\CMakeFiles\CMakeTmp\cmTC_e926d.vcxproj]
D:\Code\DC-Cryptocurrency\dcc_client\out\CMakeFiles\CMakeTmp\src.c(2,9): error C2143: syntax error: missing '{' before 'string' [D:\Code\DC-Cryptocurrency\dcc_client\out\CMakeFiles\CMakeTmp\cmTC_e926d.vcxproj]
D:\Code\DC-Cryptocurrency\dcc_client\out\CMakeFiles\CMakeTmp\src.c(2,9): error C2059: syntax error: 'string' [D:\Code\DC-Cryptocurrency\dcc_client\out\CMakeFiles\CMakeTmp\cmTC_e926d.vcxproj]
D:\Code\DC-Cryptocurrency\dcc_client\out\CMakeFiles\CMakeTmp\src.c(2,9): error C2059: syntax error: ')' [D:\Code\DC-Cryptocurrency\dcc_client\out\CMakeFiles\CMakeTmp\cmTC_e926d.vcxproj]


Source file was:
#define Z_INTERNAL __attribute__((visibility ("internal")))
    int Z_INTERNAL foo;
    int main() {
        return 0;
    }
Performing C SOURCE FILE Test HAVE_BUILTIN_CTZ failed with the following output:
Change Dir: D:/Code/DC-Cryptocurrency/dcc_client/out/CMakeFiles/CMakeTmp

Run Build Command(s):C:/Program Files/Microsoft Visual Studio/2022/Preview/MSBuild/Current/Bin/amd64/MSBuild.exe cmTC_5f2a3.vcxproj /p:Configuration=Debug /p:Platform=x64 /p:VisualStudioVersion=17.0 /v:m && MSBuild version 17.10.4+10fbfbf2e for .NET Framework

  Microsoft (R) C/C++ Optimizing Compiler Version 19.40.33808 for x64
  Copyright (C) Microsoft Corporation.  All rights reserved.
  cl /c /I"C:\Users\Sam\vcpkg\installed\x64-windows\include" /Zi /W3 /WX- /diagnostics:column /Od /Ob0 /D _MBCS /D WIN32 /D _WINDOWS /D HAVE_BUILTIN_CTZ /D "CMAKE_INTDIR=\"Debug\"" /Gm- /RTC1 /MDd /GS /fp:precise /Zc:wchar_t /Zc:forScope /Zc:inline /Fo"cmTC_5f2a3.dir\Debug\\" /Fd"cmTC_5f2a3.dir\Debug\vc143.pdb" /external:W3 /Gd /TC /errorReport:queue "D:\Code\DC-Cryptocurrency\dcc_client\out\CMakeFiles\CMakeTmp\src.c"
  src.c
D:\Code\DC-Cryptocurrency\dcc_client\out\CMakeFiles\CMakeTmp\src.c(3,21): warning C4013: '__builtin_ctz' undefined; assuming extern returning int [D:\Code\DC-Cryptocurrency\dcc_client\out\CMakeFiles\CMakeTmp\cmTC_5f2a3.vcxproj]
src.obj : error LNK2019: unresolved external symbol __builtin_ctz referenced in function main [D:\Code\DC-Cryptocurrency\dcc_client\out\CMakeFiles\CMakeTmp\cmTC_5f2a3.vcxproj]
D:\Code\DC-Cryptocurrency\dcc_client\out\CMakeFiles\CMakeTmp\Debug\cmTC_5f2a3.exe : fatal error LNK1120: 1 unresolved externals [D:\Code\DC-Cryptocurrency\dcc_client\out\CMakeFiles\CMakeTmp\cmTC_5f2a3.vcxproj]


Source file was:
int main(void) {
        unsigned int zero = 0;
        long test = __builtin_ctz(zero);
        (void)test;
        return 0;
    }
Performing C SOURCE FILE Test HAVE_BUILTIN_CTZLL failed with the following output:
Change Dir: D:/Code/DC-Cryptocurrency/dcc_client/out/CMakeFiles/CMakeTmp

Run Build Command(s):C:/Program Files/Microsoft Visual Studio/2022/Preview/MSBuild/Current/Bin/amd64/MSBuild.exe cmTC_0f006.vcxproj /p:Configuration=Debug /p:Platform=x64 /p:VisualStudioVersion=17.0 /v:m && MSBuild version 17.10.4+10fbfbf2e for .NET Framework

  Microsoft (R) C/C++ Optimizing Compiler Version 19.40.33808 for x64
  Copyright (C) Microsoft Corporation.  All rights reserved.
  cl /c /I"C:\Users\Sam\vcpkg\installed\x64-windows\include" /Zi /W3 /WX- /diagnostics:column /Od /Ob0 /D _MBCS /D WIN32 /D _WINDOWS /D HAVE_BUILTIN_CTZLL /D "CMAKE_INTDIR=\"Debug\"" /Gm- /RTC1 /MDd /GS /fp:precise /Zc:wchar_t /Zc:forScope /Zc:inline /Fo"cmTC_0f006.dir\Debug\\" /Fd"cmTC_0f006.dir\Debug\vc143.pdb" /external:W3 /Gd /TC /errorReport:queue "D:\Code\DC-Cryptocurrency\dcc_client\out\CMakeFiles\CMakeTmp\src.c"
  src.c
D:\Code\DC-Cryptocurrency\dcc_client\out\CMakeFiles\CMakeTmp\src.c(3,21): warning C4013: '__builtin_ctzll' undefined; assuming extern returning int [D:\Code\DC-Cryptocurrency\dcc_client\out\CMakeFiles\CMakeTmp\cmTC_0f006.vcxproj]
src.obj : error LNK2019: unresolved external symbol __builtin_ctzll referenced in function main [D:\Code\DC-Cryptocurrency\dcc_client\out\CMakeFiles\CMakeTmp\cmTC_0f006.vcxproj]
D:\Code\DC-Cryptocurrency\dcc_client\out\CMakeFiles\CMakeTmp\Debug\cmTC_0f006.exe : fatal error LNK1120: 1 unresolved externals [D:\Code\DC-Cryptocurrency\dcc_client\out\CMakeFiles\CMakeTmp\cmTC_0f006.vcxproj]


Source file was:
int main(void) {
        unsigned int zero = 0;
        long test = __builtin_ctzll(zero);
        (void)test;
        return 0;
    }
Performing C SOURCE FILE Test HAVE_SSE42CRC_INLINE_ASM failed with the following output:
Change Dir: D:/Code/DC-Cryptocurrency/dcc_client/out/CMakeFiles/CMakeTmp

Run Build Command(s):C:/Program Files/Microsoft Visual Studio/2022/Preview/MSBuild/Current/Bin/amd64/MSBuild.exe cmTC_6a4e6.vcxproj /p:Configuration=Debug /p:Platform=x64 /p:VisualStudioVersion=17.0 /v:m && MSBuild version 17.10.4+10fbfbf2e for .NET Framework

  Microsoft (R) C/C++ Optimizing Compiler Version 19.40.33808 for x64
  Copyright (C) Microsoft Corporation.  All rights reserved.
  cl /c /I"C:\Users\Sam\vcpkg\installed\x64-windows\include" /Zi /W3 /WX- /diagnostics:column /Od /Ob0 /D _MBCS /D WIN32 /D _WINDOWS /D ZLIB_DEBUG /D HAVE_SSE42CRC_INLINE_ASM /D "CMAKE_INTDIR=\"Debug\"" /Gm- /RTC1 /MDd /GS /fp:precise /Zc:wchar_t /Zc:forScope /Zc:inline /Fo"cmTC_6a4e6.dir\Debug\\" /Fd"cmTC_6a4e6.dir\Debug\vc143.pdb" /external:W3 /Gd /TC /errorReport:queue "D:\Code\DC-Cryptocurrency\dcc_client\out\CMakeFiles\CMakeTmp\src.c"
  src.c
D:\Code\DC-Cryptocurrency\dcc_client\out\CMakeFiles\CMakeTmp\src.c(4,15): error C4235: nonstandard extension used: '__asm' keyword not supported on this architecture [D:\Code\DC-Cryptocurrency\dcc_client\out\CMakeFiles\CMakeTmp\cmTC_6a4e6.vcxproj]
D:\Code\DC-Cryptocurrency\dcc_client\out\CMakeFiles\CMakeTmp\src.c(4,21): error C2065: 'mov': undeclared identifier [D:\Code\DC-Cryptocurrency\dcc_client\out\CMakeFiles\CMakeTmp\cmTC_6a4e6.vcxproj]
D:\Code\DC-Cryptocurrency\dcc_client\out\CMakeFiles\CMakeTmp\src.c(4,25): error C2146: syntax error: missing ';' before identifier 'edx' [D:\Code\DC-Cryptocurrency\dcc_client\out\CMakeFiles\CMakeTmp\cmTC_6a4e6.vcxproj]
D:\Code\DC-Cryptocurrency\dcc_client\out\CMakeFiles\CMakeTmp\src.c(4,25): error C2065: 'edx': undeclared identifier [D:\Code\DC-Cryptocurrency\dcc_client\out\CMakeFiles\CMakeTmp\cmTC_6a4e6.vcxproj]
D:\Code\DC-Cryptocurrency\dcc_client\out\CMakeFiles\CMakeTmp\src.c(4,32): error C4235: nonstandard extension used: '__asm' keyword not supported on this architecture [D:\Code\DC-Cryptocurrency\dcc_client\out\CMakeFiles\CMakeTmp\cmTC_6a4e6.vcxproj]
D:\Code\DC-Cryptocurrency\dcc_client\out\CMakeFiles\CMakeTmp\src.c(4,38): error C2146: syntax error: missing ';' before identifier 'mov' [D:\Code\DC-Cryptocurrency\dcc_client\out\CMakeFiles\CMakeTmp\cmTC_6a4e6.vcxproj]
D:\Code\DC-Cryptocurrency\dcc_client\out\CMakeFiles\CMakeTmp\src.c(4,38): error C2065: 'mov': undeclared identifier [D:\Code\DC-Cryptocurrency\dcc_client\out\CMakeFiles\CMakeTmp\cmTC_6a4e6.vcxproj]
D:\Code\DC-Cryptocurrency\dcc_client\out\CMakeFiles\CMakeTmp\src.c(4,42): error C2146: syntax error: missing ';' before identifier 'eax' [D:\Code\DC-Cryptocurrency\dcc_client\out\CMakeFiles\CMakeTmp\cmTC_6a4e6.vcxproj]
D:\Code\DC-Cryptocurrency\dcc_client\out\CMakeFiles\CMakeTmp\src.c(4,42): error C2065: 'eax': undeclared identifier [D:\Code\DC-Cryptocurrency\dcc_client\out\CMakeFiles\CMakeTmp\cmTC_6a4e6.vcxproj]
D:\Code\DC-Cryptocurrency\dcc_client\out\CMakeFiles\CMakeTmp\src.c(4,51): error C4235: nonstandard extension used: '__asm' keyword not supported on this architecture [D:\Code\DC-Cryptocurrency\dcc_client\out\CMakeFiles\CMakeTmp\cmTC_6a4e6.vcxproj]
D:\Code\DC-Cryptocurrency\dcc_client\out\CMakeFiles\CMakeTmp\src.c(4,57): error C2146: syntax error: missing ';' before identifier 'crc32' [D:\Code\DC-Cryptocurrency\dcc_client\out\CMakeFiles\CMakeTmp\cmTC_6a4e6.vcxproj]
D:\Code\DC-Cryptocurrency\dcc_client\out\CMakeFiles\CMakeTmp\src.c(4,57): error C2065: 'crc32': undeclared identifier [D:\Code\DC-Cryptocurrency\dcc_client\out\CMakeFiles\CMakeTmp\cmTC_6a4e6.vcxproj]
D:\Code\DC-Cryptocurrency\dcc_client\out\CMakeFiles\CMakeTmp\src.c(4,63): error C2146: syntax error: missing ';' before identifier 'eax' [D:\Code\DC-Cryptocurrency\dcc_client\out\CMakeFiles\CMakeTmp\cmTC_6a4e6.vcxproj]
D:\Code\DC-Cryptocurrency\dcc_client\out\CMakeFiles\CMakeTmp\src.c(4,63): error C2065: 'eax': undeclared identifier [D:\Code\DC-Cryptocurrency\dcc_client\out\CMakeFiles\CMakeTmp\cmTC_6a4e6.vcxproj]
D:\Code\DC-Cryptocurrency\dcc_client\out\CMakeFiles\CMakeTmp\src.c(4,72): error C4235: nonstandard extension used: '__asm' keyword not supported on this architecture [D:\Code\DC-Cryptocurrency\dcc_client\out\CMakeFiles\CMakeTmp\cmTC_6a4e6.vcxproj]
D:\Code\DC-Cryptocurrency\dcc_client\out\CMakeFiles\CMakeTmp\src.c(4,68): error C2065: 'edx': undeclared identifier [D:\Code\DC-Cryptocurrency\dcc_client\out\CMakeFiles\CMakeTmp\cmTC_6a4e6.vcxproj]
D:\Code\DC-Cryptocurrency\dcc_client\out\CMakeFiles\CMakeTmp\src.c(4,78): error C2146: syntax error: missing ';' before identifier 'mov' [D:\Code\DC-Cryptocurrency\dcc_client\out\CMakeFiles\CMakeTmp\cmTC_6a4e6.vcxproj]
D:\Code\DC-Cryptocurrency\dcc_client\out\CMakeFiles\CMakeTmp\src.c(4,78): error C2065: 'mov': undeclared identifier [D:\Code\DC-Cryptocurrency\dcc_client\out\CMakeFiles\CMakeTmp\cmTC_6a4e6.vcxproj]
D:\Code\DC-Cryptocurrency\dcc_client\out\CMakeFiles\CMakeTmp\src.c(4,82): error C2146: syntax error: missing ';' before identifier 'val' [D:\Code\DC-Cryptocurrency\dcc_client\out\CMakeFiles\CMakeTmp\cmTC_6a4e6.vcxproj]
D:\Code\DC-Cryptocurrency\dcc_client\out\CMakeFiles\CMakeTmp\src.c(4,87): error C2065: 'eax': undeclared identifier [D:\Code\DC-Cryptocurrency\dcc_client\out\CMakeFiles\CMakeTmp\cmTC_6a4e6.vcxproj]
D:\Code\DC-Cryptocurrency\dcc_client\out\CMakeFiles\CMakeTmp\src.c(4,91): error C2143: syntax error: missing ';' before '}' [D:\Code\DC-Cryptocurrency\dcc_client\out\CMakeFiles\CMakeTmp\cmTC_6a4e6.vcxproj]


Source file was:
int main(void) {
            unsigned val = 0, h = 0;
        #if defined(_MSC_VER)
            { __asm mov edx, h __asm mov eax, val __asm crc32 eax, edx __asm mov val, eax }
        #else
            __asm__ __volatile__ ( "crc32 %1,%0" : "+r" (h) : "r" (val) );
        #endif
            return (int)h;
        }
Determining if the include file pthread.h exists failed with the following output:
Change Dir: D:/Code/DC-Cryptocurrency/dcc_client/out/CMakeFiles/CMakeTmp

Run Build Command(s):C:/Program Files/Microsoft Visual Studio/2022/Preview/MSBuild/Current/Bin/amd64/MSBuild.exe cmTC_80ab5.vcxproj /p:Configuration=Debug /p:Platform=x64 /p:VisualStudioVersion=17.0 /v:m && MSBuild version 17.10.4+10fbfbf2e for .NET Framework

  Microsoft (R) C/C++ Optimizing Compiler Version 19.40.33808 for x64
  Copyright (C) Microsoft Corporation.  All rights reserved.
  cl /c /I"C:\Users\Sam\vcpkg\installed\x64-windows\include" /Zi /W3 /WX- /diagnostics:column /Od /Ob0 /D _MBCS /D WIN32 /D _WINDOWS /D _WIN32_WINNT=0x0600 /D _WINSOCKAPI_= /D "CMAKE_INTDIR=\"Debug\"" /Gm- /RTC1 /MDd /GS /fp:precise /Zc:wchar_t /Zc:forScope /Zc:inline /Fo"cmTC_80ab5.dir\Debug\\" /Fd"cmTC_80ab5.dir\Debug\vc143.pdb" /external:W3 /Gd /TC /errorReport:queue "D:\Code\DC-Cryptocurrency\dcc_client\out\CMakeFiles\CMakeTmp\CheckIncludeFile.c"
  CheckIncludeFile.c
D:\Code\DC-Cryptocurrency\dcc_client\out\CMakeFiles\CMakeTmp\CheckIncludeFile.c(1,10): error C1083: Cannot open include file: 'pthread.h': No such file or directory [D:\Code\DC-Cryptocurrency\dcc_client\out\CMakeFiles\CMakeTmp\cmTC_80ab5.vcxproj]



Determining if files windows.h;ws2tcpip.h;winsock2.h;wincrypt.h;stdio.h;sys/filio.h exist failed with the following output:
Change Dir: D:/Code/DC-Cryptocurrency/dcc_client/out/CMakeFiles/CMakeTmp

Run Build Command(s):C:/Program Files/Microsoft Visual Studio/2022/Preview/MSBuild/Current/Bin/amd64/MSBuild.exe cmTC_ef1fe.vcxproj /p:Configuration=Debug /p:Platform=x64 /p:VisualStudioVersion=17.0 /v:m && MSBuild version 17.10.4+10fbfbf2e for .NET Framework

  Microsoft (R) C/C++ Optimizing Compiler Version 19.40.33808 for x64
  Copyright (C) Microsoft Corporation.  All rights reserved.
  cl /c /I"C:\Users\Sam\vcpkg\installed\x64-windows\include" /Zi /W3 /WX- /diagnostics:column /Od /Ob0 /D _MBCS /D WIN32 /D _WINDOWS /D _WIN32_WINNT=0x0600 /D _WINSOCKAPI_= /D SECURITY_WIN32 /D "CMAKE_INTDIR=\"Debug\"" /Gm- /RTC1 /MDd /GS /fp:precise /Zc:wchar_t /Zc:forScope /Zc:inline /Fo"cmTC_ef1fe.dir\Debug\\" /Fd"cmTC_ef1fe.dir\Debug\vc143.pdb" /external:W3 /Gd /TC /errorReport:queue "D:\Code\DC-Cryptocurrency\dcc_client\out\CMakeFiles\CheckIncludeFiles\HAVE_SYS_FILIO_H.c"
  HAVE_SYS_FILIO_H.c
D:\Code\DC-Cryptocurrency\dcc_client\out\CMakeFiles\CheckIncludeFiles\HAVE_SYS_FILIO_H.c(7,10): error C1083: Cannot open include file: 'sys/filio.h': No such file or directory [D:\Code\DC-Cryptocurrency\dcc_client\out\CMakeFiles\CMakeTmp\cmTC_ef1fe.vcxproj]


Source:
/* */
#include <windows.h>
#include <ws2tcpip.h>
#include <winsock2.h>
#include <wincrypt.h>
#include <stdio.h>
#include <sys/filio.h>


int main(void){return 0;}

Determining if files windows.h;ws2tcpip.h;winsock2.h;wincrypt.h;stdio.h;sys/ioctl.h exist failed with the following output:
Change Dir: D:/Code/DC-Cryptocurrency/dcc_client/out/CMakeFiles/CMakeTmp

Run Build Command(s):C:/Program Files/Microsoft Visual Studio/2022/Preview/MSBuild/Current/Bin/amd64/MSBuild.exe cmTC_88f7c.vcxproj /p:Configuration=Debug /p:Platform=x64 /p:VisualStudioVersion=17.0 /v:m && MSBuild version 17.10.4+10fbfbf2e for .NET Framework

  Microsoft (R) C/C++ Optimizing Compiler Version 19.40.33808 for x64
  Copyright (C) Microsoft Corporation.  All rights reserved.
  cl /c /I"C:\Users\Sam\vcpkg\installed\x64-windows\include" /Zi /W3 /WX- /diagnostics:column /Od /Ob0 /D _MBCS /D WIN32 /D _WINDOWS /D _WIN32_WINNT=0x0600 /D _WINSOCKAPI_= /D SECURITY_WIN32 /D "CMAKE_INTDIR=\"Debug\"" /Gm- /RTC1 /MDd /GS /fp:precise /Zc:wchar_t /Zc:forScope /Zc:inline /Fo"cmTC_88f7c.dir\Debug\\" /Fd"cmTC_88f7c.dir\Debug\vc143.pdb" /external:W3 /Gd /TC /errorReport:queue "D:\Code\DC-Cryptocurrency\dcc_client\out\CMakeFiles\CheckIncludeFiles\HAVE_SYS_IOCTL_H.c"
  HAVE_SYS_IOCTL_H.c
D:\Code\DC-Cryptocurrency\dcc_client\out\CMakeFiles\CheckIncludeFiles\HAVE_SYS_IOCTL_H.c(7,10): error C1083: Cannot open include file: 'sys/ioctl.h': No such file or directory [D:\Code\DC-Cryptocurrency\dcc_client\out\CMakeFiles\CMakeTmp\cmTC_88f7c.vcxproj]


Source:
/* */
#include <windows.h>
#include <ws2tcpip.h>
#include <winsock2.h>
#include <wincrypt.h>
#include <stdio.h>
#include <sys/ioctl.h>


int main(void){return 0;}

Determining if files windows.h;ws2tcpip.h;winsock2.h;wincrypt.h;stdio.h;sys/resource.h exist failed with the following output:
Change Dir: D:/Code/DC-Cryptocurrency/dcc_client/out/CMakeFiles/CMakeTmp

Run Build Command(s):C:/Program Files/Microsoft Visual Studio/2022/Preview/MSBuild/Current/Bin/amd64/MSBuild.exe cmTC_19fa7.vcxproj /p:Configuration=Debug /p:Platform=x64 /p:VisualStudioVersion=17.0 /v:m && MSBuild version 17.10.4+10fbfbf2e for .NET Framework

  Microsoft (R) C/C++ Optimizing Compiler Version 19.40.33808 for x64
  Copyright (C) Microsoft Corporation.  All rights reserved.
  cl /c /I"C:\Users\Sam\vcpkg\installed\x64-windows\include" /Zi /W3 /WX- /diagnostics:column /Od /Ob0 /D _MBCS /D WIN32 /D _WINDOWS /D _WIN32_WINNT=0x0600 /D _WINSOCKAPI_= /D SECURITY_WIN32 /D "CMAKE_INTDIR=\"Debug\"" /Gm- /RTC1 /MDd /GS /fp:precise /Zc:wchar_t /Zc:forScope /Zc:inline /Fo"cmTC_19fa7.dir\Debug\\" /Fd"cmTC_19fa7.dir\Debug\vc143.pdb" /external:W3 /Gd /TC /errorReport:queue "D:\Code\DC-Cryptocurrency\dcc_client\out\CMakeFiles\CheckIncludeFiles\HAVE_SYS_RESOURCE_H.c"
  HAVE_SYS_RESOURCE_H.c
D:\Code\DC-Cryptocurrency\dcc_client\out\CMakeFiles\CheckIncludeFiles\HAVE_SYS_RESOURCE_H.c(7,10): error C1083: Cannot open include file: 'sys/resource.h': No such file or directory [D:\Code\DC-Cryptocurrency\dcc_client\out\CMakeFiles\CMakeTmp\cmTC_19fa7.vcxproj]


Source:
/* */
#include <windows.h>
#include <ws2tcpip.h>
#include <winsock2.h>
#include <wincrypt.h>
#include <stdio.h>
#include <sys/resource.h>


int main(void){return 0;}

Determining if files windows.h;ws2tcpip.h;winsock2.h;wincrypt.h;stdio.h;sys/stat.h;sys/types.h;sys/uio.h exist failed with the following output:
Change Dir: D:/Code/DC-Cryptocurrency/dcc_client/out/CMakeFiles/CMakeTmp

Run Build Command(s):C:/Program Files/Microsoft Visual Studio/2022/Preview/MSBuild/Current/Bin/amd64/MSBuild.exe cmTC_d2ac3.vcxproj /p:Configuration=Debug /p:Platform=x64 /p:VisualStudioVersion=17.0 /v:m && MSBuild version 17.10.4+10fbfbf2e for .NET Framework

  Microsoft (R) C/C++ Optimizing Compiler Version 19.40.33808 for x64
  Copyright (C) Microsoft Corporation.  All rights reserved.
  cl /c /I"C:\Users\Sam\vcpkg\installed\x64-windows\include" /Zi /W3 /WX- /diagnostics:column /Od /Ob0 /D _MBCS /D WIN32 /D _WINDOWS /D _WIN32_WINNT=0x0600 /D _WINSOCKAPI_= /D SECURITY_WIN32 /D "CMAKE_INTDIR=\"Debug\"" /Gm- /RTC1 /MDd /GS /fp:precise /Zc:wchar_t /Zc:forScope /Zc:inline /Fo"cmTC_d2ac3.dir\Debug\\" /Fd"cmTC_d2ac3.dir\Debug\vc143.pdb" /external:W3 /Gd /TC /errorReport:queue "D:\Code\DC-Cryptocurrency\dcc_client\out\CMakeFiles\CheckIncludeFiles\HAVE_SYS_UIO_H.c"
  HAVE_SYS_UIO_H.c
D:\Code\DC-Cryptocurrency\dcc_client\out\CMakeFiles\CheckIncludeFiles\HAVE_SYS_UIO_H.c(9,10): error C1083: Cannot open include file: 'sys/uio.h': No such file or directory [D:\Code\DC-Cryptocurrency\dcc_client\out\CMakeFiles\CMakeTmp\cmTC_d2ac3.vcxproj]


Source:
/* */
#include <windows.h>
#include <ws2tcpip.h>
#include <winsock2.h>
#include <wincrypt.h>
#include <stdio.h>
#include <sys/stat.h>
#include <sys/types.h>
#include <sys/uio.h>


int main(void){return 0;}

Determining if files windows.h;ws2tcpip.h;winsock2.h;wincrypt.h;stdio.h;sys/stat.h;sys/types.h;sys/un.h exist failed with the following output:
Change Dir: D:/Code/DC-Cryptocurrency/dcc_client/out/CMakeFiles/CMakeTmp

Run Build Command(s):C:/Program Files/Microsoft Visual Studio/2022/Preview/MSBuild/Current/Bin/amd64/MSBuild.exe cmTC_89c7c.vcxproj /p:Configuration=Debug /p:Platform=x64 /p:VisualStudioVersion=17.0 /v:m && MSBuild version 17.10.4+10fbfbf2e for .NET Framework

  Microsoft (R) C/C++ Optimizing Compiler Version 19.40.33808 for x64
  Copyright (C) Microsoft Corporation.  All rights reserved.
  cl /c /I"C:\Users\Sam\vcpkg\installed\x64-windows\include" /Zi /W3 /WX- /diagnostics:column /Od /Ob0 /D _MBCS /D WIN32 /D _WINDOWS /D _WIN32_WINNT=0x0600 /D _WINSOCKAPI_= /D SECURITY_WIN32 /D "CMAKE_INTDIR=\"Debug\"" /Gm- /RTC1 /MDd /GS /fp:precise /Zc:wchar_t /Zc:forScope /Zc:inline /Fo"cmTC_89c7c.dir\Debug\\" /Fd"cmTC_89c7c.dir\Debug\vc143.pdb" /external:W3 /Gd /TC /errorReport:queue "D:\Code\DC-Cryptocurrency\dcc_client\out\CMakeFiles\CheckIncludeFiles\HAVE_SYS_UN_H.c"
  HAVE_SYS_UN_H.c
D:\Code\DC-Cryptocurrency\dcc_client\out\CMakeFiles\CheckIncludeFiles\HAVE_SYS_UN_H.c(9,10): error C1083: Cannot open include file: 'sys/un.h': No such file or directory [D:\Code\DC-Cryptocurrency\dcc_client\out\CMakeFiles\CMakeTmp\cmTC_89c7c.vcxproj]


Source:
/* */
#include <windows.h>
#include <ws2tcpip.h>
#include <winsock2.h>
#include <wincrypt.h>
#include <stdio.h>
#include <sys/stat.h>
#include <sys/types.h>
#include <sys/un.h>


int main(void){return 0;}

Determining if files windows.h;ws2tcpip.h;winsock2.h;wincrypt.h;stdio.h;sys/stat.h;sys/types.h;sys/utime.h;sys/xattr.h exist failed with the following output:
Change Dir: D:/Code/DC-Cryptocurrency/dcc_client/out/CMakeFiles/CMakeTmp

Run Build Command(s):C:/Program Files/Microsoft Visual Studio/2022/Preview/MSBuild/Current/Bin/amd64/MSBuild.exe cmTC_58a65.vcxproj /p:Configuration=Debug /p:Platform=x64 /p:VisualStudioVersion=17.0 /v:m && MSBuild version 17.10.4+10fbfbf2e for .NET Framework

  Microsoft (R) C/C++ Optimizing Compiler Version 19.40.33808 for x64
  Copyright (C) Microsoft Corporation.  All rights reserved.
  cl /c /I"C:\Users\Sam\vcpkg\installed\x64-windows\include" /Zi /W3 /WX- /diagnostics:column /Od /Ob0 /D _MBCS /D WIN32 /D _WINDOWS /D _WIN32_WINNT=0x0600 /D _WINSOCKAPI_= /D SECURITY_WIN32 /D "CMAKE_INTDIR=\"Debug\"" /Gm- /RTC1 /MDd /GS /fp:precise /Zc:wchar_t /Zc:forScope /Zc:inline /Fo"cmTC_58a65.dir\Debug\\" /Fd"cmTC_58a65.dir\Debug\vc143.pdb" /external:W3 /Gd /TC /errorReport:queue "D:\Code\DC-Cryptocurrency\dcc_client\out\CMakeFiles\CheckIncludeFiles\HAVE_SYS_XATTR_H.c"
  HAVE_SYS_XATTR_H.c
D:\Code\DC-Cryptocurrency\dcc_client\out\CMakeFiles\CheckIncludeFiles\HAVE_SYS_XATTR_H.c(10,10): error C1083: Cannot open include file: 'sys/xattr.h': No such file or directory [D:\Code\DC-Cryptocurrency\dcc_client\out\CMakeFiles\CMakeTmp\cmTC_58a65.vcxproj]


Source:
/* */
#include <windows.h>
#include <ws2tcpip.h>
#include <winsock2.h>
#include <wincrypt.h>
#include <stdio.h>
#include <sys/stat.h>
#include <sys/types.h>
#include <sys/utime.h>
#include <sys/xattr.h>


int main(void){return 0;}

Determining if files windows.h;ws2tcpip.h;winsock2.h;wincrypt.h;stdio.h;sys/stat.h;sys/types.h;sys/utime.h;arpa/tftp.h exist failed with the following output:
Change Dir: D:/Code/DC-Cryptocurrency/dcc_client/out/CMakeFiles/CMakeTmp

Run Build Command(s):C:/Program Files/Microsoft Visual Studio/2022/Preview/MSBuild/Current/Bin/amd64/MSBuild.exe cmTC_e922e.vcxproj /p:Configuration=Debug /p:Platform=x64 /p:VisualStudioVersion=17.0 /v:m && MSBuild version 17.10.4+10fbfbf2e for .NET Framework

  Microsoft (R) C/C++ Optimizing Compiler Version 19.40.33808 for x64
  Copyright (C) Microsoft Corporation.  All rights reserved.
  cl /c /I"C:\Users\Sam\vcpkg\installed\x64-windows\include" /Zi /W3 /WX- /diagnostics:column /Od /Ob0 /D _MBCS /D WIN32 /D _WINDOWS /D _WIN32_WINNT=0x0600 /D _WINSOCKAPI_= /D SECURITY_WIN32 /D "CMAKE_INTDIR=\"Debug\"" /Gm- /RTC1 /MDd /GS /fp:precise /Zc:wchar_t /Zc:forScope /Zc:inline /Fo"cmTC_e922e.dir\Debug\\" /Fd"cmTC_e922e.dir\Debug\vc143.pdb" /external:W3 /Gd /TC /errorReport:queue "D:\Code\DC-Cryptocurrency\dcc_client\out\CMakeFiles\CheckIncludeFiles\HAVE_ARPA_TFTP_H.c"
  HAVE_ARPA_TFTP_H.c
D:\Code\DC-Cryptocurrency\dcc_client\out\CMakeFiles\CheckIncludeFiles\HAVE_ARPA_TFTP_H.c(10,10): error C1083: Cannot open include file: 'arpa/tftp.h': No such file or directory [D:\Code\DC-Cryptocurrency\dcc_client\out\CMakeFiles\CMakeTmp\cmTC_e922e.vcxproj]


Source:
/* */
#include <windows.h>
#include <ws2tcpip.h>
#include <winsock2.h>
#include <wincrypt.h>
#include <stdio.h>
#include <sys/stat.h>
#include <sys/types.h>
#include <sys/utime.h>
#include <arpa/tftp.h>


int main(void){return 0;}

Determining if files windows.h;ws2tcpip.h;winsock2.h;wincrypt.h;stdio.h;sys/stat.h;sys/types.h;sys/utime.h;assert.h;errno.h;fcntl.h;idn2.h exist failed with the following output:
Change Dir: D:/Code/DC-Cryptocurrency/dcc_client/out/CMakeFiles/CMakeTmp

Run Build Command(s):C:/Program Files/Microsoft Visual Studio/2022/Preview/MSBuild/Current/Bin/amd64/MSBuild.exe cmTC_02e95.vcxproj /p:Configuration=Debug /p:Platform=x64 /p:VisualStudioVersion=17.0 /v:m && MSBuild version 17.10.4+10fbfbf2e for .NET Framework

  Microsoft (R) C/C++ Optimizing Compiler Version 19.40.33808 for x64
  Copyright (C) Microsoft Corporation.  All rights reserved.
  cl /c /I"C:\Users\Sam\vcpkg\installed\x64-windows\include" /Zi /W3 /WX- /diagnostics:column /Od /Ob0 /D _MBCS /D WIN32 /D _WINDOWS /D _WIN32_WINNT=0x0600 /D _WINSOCKAPI_= /D SECURITY_WIN32 /D "CMAKE_INTDIR=\"Debug\"" /Gm- /RTC1 /MDd /GS /fp:precise /Zc:wchar_t /Zc:forScope /Zc:inline /Fo"cmTC_02e95.dir\Debug\\" /Fd"cmTC_02e95.dir\Debug\vc143.pdb" /external:W3 /Gd /TC /errorReport:queue "D:\Code\DC-Cryptocurrency\dcc_client\out\CMakeFiles\CheckIncludeFiles\HAVE_IDN2_H.c"
  HAVE_IDN2_H.c
D:\Code\DC-Cryptocurrency\dcc_client\out\CMakeFiles\CheckIncludeFiles\HAVE_IDN2_H.c(13,10): error C1083: Cannot open include file: 'idn2.h': No such file or directory [D:\Code\DC-Cryptocurrency\dcc_client\out\CMakeFiles\CMakeTmp\cmTC_02e95.vcxproj]


Source:
/* */
#include <windows.h>
#include <ws2tcpip.h>
#include <winsock2.h>
#include <wincrypt.h>
#include <stdio.h>
#include <sys/stat.h>
#include <sys/types.h>
#include <sys/utime.h>
#include <assert.h>
#include <errno.h>
#include <fcntl.h>
#include <idn2.h>


int main(void){return 0;}

Determining if files windows.h;ws2tcpip.h;winsock2.h;wincrypt.h;stdio.h;sys/stat.h;sys/types.h;sys/utime.h;assert.h;errno.h;fcntl.h;ifaddrs.h exist failed with the following output:
Change Dir: D:/Code/DC-Cryptocurrency/dcc_client/out/CMakeFiles/CMakeTmp

Run Build Command(s):C:/Program Files/Microsoft Visual Studio/2022/Preview/MSBuild/Current/Bin/amd64/MSBuild.exe cmTC_01c3c.vcxproj /p:Configuration=Debug /p:Platform=x64 /p:VisualStudioVersion=17.0 /v:m && MSBuild version 17.10.4+10fbfbf2e for .NET Framework

  Microsoft (R) C/C++ Optimizing Compiler Version 19.40.33808 for x64
  Copyright (C) Microsoft Corporation.  All rights reserved.
  cl /c /I"C:\Users\Sam\vcpkg\installed\x64-windows\include" /Zi /W3 /WX- /diagnostics:column /Od /Ob0 /D _MBCS /D WIN32 /D _WINDOWS /D _WIN32_WINNT=0x0600 /D _WINSOCKAPI_= /D SECURITY_WIN32 /D "CMAKE_INTDIR=\"Debug\"" /Gm- /RTC1 /MDd /GS /fp:precise /Zc:wchar_t /Zc:forScope /Zc:inline /Fo"cmTC_01c3c.dir\Debug\\" /Fd"cmTC_01c3c.dir\Debug\vc143.pdb" /external:W3 /Gd /TC /errorReport:queue "D:\Code\DC-Cryptocurrency\dcc_client\out\CMakeFiles\CheckIncludeFiles\HAVE_IFADDRS_H.c"
  HAVE_IFADDRS_H.c
D:\Code\DC-Cryptocurrency\dcc_client\out\CMakeFiles\CheckIncludeFiles\HAVE_IFADDRS_H.c(13,10): error C1083: Cannot open include file: 'ifaddrs.h': No such file or directory [D:\Code\DC-Cryptocurrency\dcc_client\out\CMakeFiles\CMakeTmp\cmTC_01c3c.vcxproj]


Source:
/* */
#include <windows.h>
#include <ws2tcpip.h>
#include <winsock2.h>
#include <wincrypt.h>
#include <stdio.h>
#include <sys/stat.h>
#include <sys/types.h>
#include <sys/utime.h>
#include <assert.h>
#include <errno.h>
#include <fcntl.h>
#include <ifaddrs.h>


int main(void){return 0;}

Determining if files windows.h;ws2tcpip.h;winsock2.h;wincrypt.h;stdio.h;sys/stat.h;sys/types.h;sys/utime.h;assert.h;errno.h;fcntl.h;io.h;krb.h exist failed with the following output:
Change Dir: D:/Code/DC-Cryptocurrency/dcc_client/out/CMakeFiles/CMakeTmp

Run Build Command(s):C:/Program Files/Microsoft Visual Studio/2022/Preview/MSBuild/Current/Bin/amd64/MSBuild.exe cmTC_09af6.vcxproj /p:Configuration=Debug /p:Platform=x64 /p:VisualStudioVersion=17.0 /v:m && MSBuild version 17.10.4+10fbfbf2e for .NET Framework

  Microsoft (R) C/C++ Optimizing Compiler Version 19.40.33808 for x64
  Copyright (C) Microsoft Corporation.  All rights reserved.
  cl /c /I"C:\Users\Sam\vcpkg\installed\x64-windows\include" /Zi /W3 /WX- /diagnostics:column /Od /Ob0 /D _MBCS /D WIN32 /D _WINDOWS /D _WIN32_WINNT=0x0600 /D _WINSOCKAPI_= /D SECURITY_WIN32 /D "CMAKE_INTDIR=\"Debug\"" /Gm- /RTC1 /MDd /GS /fp:precise /Zc:wchar_t /Zc:forScope /Zc:inline /Fo"cmTC_09af6.dir\Debug\\" /Fd"cmTC_09af6.dir\Debug\vc143.pdb" /external:W3 /Gd /TC /errorReport:queue "D:\Code\DC-Cryptocurrency\dcc_client\out\CMakeFiles\CheckIncludeFiles\HAVE_KRB_H.c"
  HAVE_KRB_H.c
D:\Code\DC-Cryptocurrency\dcc_client\out\CMakeFiles\CheckIncludeFiles\HAVE_KRB_H.c(14,10): error C1083: Cannot open include file: 'krb.h': No such file or directory [D:\Code\DC-Cryptocurrency\dcc_client\out\CMakeFiles\CMakeTmp\cmTC_09af6.vcxproj]


Source:
/* */
#include <windows.h>
#include <ws2tcpip.h>
#include <winsock2.h>
#include <wincrypt.h>
#include <stdio.h>
#include <sys/stat.h>
#include <sys/types.h>
#include <sys/utime.h>
#include <assert.h>
#include <errno.h>
#include <fcntl.h>
#include <io.h>
#include <krb.h>


int main(void){return 0;}

Determining if files windows.h;ws2tcpip.h;winsock2.h;wincrypt.h;stdio.h;sys/stat.h;sys/types.h;sys/utime.h;assert.h;errno.h;fcntl.h;io.h;libgen.h exist failed with the following output:
Change Dir: D:/Code/DC-Cryptocurrency/dcc_client/out/CMakeFiles/CMakeTmp

Run Build Command(s):C:/Program Files/Microsoft Visual Studio/2022/Preview/MSBuild/Current/Bin/amd64/MSBuild.exe cmTC_4a163.vcxproj /p:Configuration=Debug /p:Platform=x64 /p:VisualStudioVersion=17.0 /v:m && MSBuild version 17.10.4+10fbfbf2e for .NET Framework

  Microsoft (R) C/C++ Optimizing Compiler Version 19.40.33808 for x64
  Copyright (C) Microsoft Corporation.  All rights reserved.
  cl /c /I"C:\Users\Sam\vcpkg\installed\x64-windows\include" /Zi /W3 /WX- /diagnostics:column /Od /Ob0 /D _MBCS /D WIN32 /D _WINDOWS /D _WIN32_WINNT=0x0600 /D _WINSOCKAPI_= /D SECURITY_WIN32 /D "CMAKE_INTDIR=\"Debug\"" /Gm- /RTC1 /MDd /GS /fp:precise /Zc:wchar_t /Zc:forScope /Zc:inline /Fo"cmTC_4a163.dir\Debug\\" /Fd"cmTC_4a163.dir\Debug\vc143.pdb" /external:W3 /Gd /TC /errorReport:queue "D:\Code\DC-Cryptocurrency\dcc_client\out\CMakeFiles\CheckIncludeFiles\HAVE_LIBGEN_H.c"
  HAVE_LIBGEN_H.c
D:\Code\DC-Cryptocurrency\dcc_client\out\CMakeFiles\CheckIncludeFiles\HAVE_LIBGEN_H.c(14,10): error C1083: Cannot open include file: 'libgen.h': No such file or directory [D:\Code\DC-Cryptocurrency\dcc_client\out\CMakeFiles\CMakeTmp\cmTC_4a163.vcxproj]


Source:
/* */
#include <windows.h>
#include <ws2tcpip.h>
#include <winsock2.h>
#include <wincrypt.h>
#include <stdio.h>
#include <sys/stat.h>
#include <sys/types.h>
#include <sys/utime.h>
#include <assert.h>
#include <errno.h>
#include <fcntl.h>
#include <io.h>
#include <libgen.h>


int main(void){return 0;}

Determining if files windows.h;ws2tcpip.h;winsock2.h;wincrypt.h;stdio.h;sys/stat.h;sys/types.h;sys/utime.h;assert.h;errno.h;fcntl.h;io.h;locale.h;netinet/tcp.h exist failed with the following output:
Change Dir: D:/Code/DC-Cryptocurrency/dcc_client/out/CMakeFiles/CMakeTmp

Run Build Command(s):C:/Program Files/Microsoft Visual Studio/2022/Preview/MSBuild/Current/Bin/amd64/MSBuild.exe cmTC_e616d.vcxproj /p:Configuration=Debug /p:Platform=x64 /p:VisualStudioVersion=17.0 /v:m && MSBuild version 17.10.4+10fbfbf2e for .NET Framework

  Microsoft (R) C/C++ Optimizing Compiler Version 19.40.33808 for x64
  Copyright (C) Microsoft Corporation.  All rights reserved.
  cl /c /I"C:\Users\Sam\vcpkg\installed\x64-windows\include" /Zi /W3 /WX- /diagnostics:column /Od /Ob0 /D _MBCS /D WIN32 /D _WINDOWS /D _WIN32_WINNT=0x0600 /D _WINSOCKAPI_= /D SECURITY_WIN32 /D "CMAKE_INTDIR=\"Debug\"" /Gm- /RTC1 /MDd /GS /fp:precise /Zc:wchar_t /Zc:forScope /Zc:inline /Fo"cmTC_e616d.dir\Debug\\" /Fd"cmTC_e616d.dir\Debug\vc143.pdb" /external:W3 /Gd /TC /errorReport:queue "D:\Code\DC-Cryptocurrency\dcc_client\out\CMakeFiles\CheckIncludeFiles\HAVE_NETINET_TCP_H.c"
  HAVE_NETINET_TCP_H.c
D:\Code\DC-Cryptocurrency\dcc_client\out\CMakeFiles\CheckIncludeFiles\HAVE_NETINET_TCP_H.c(15,10): error C1083: Cannot open include file: 'netinet/tcp.h': No such file or directory [D:\Code\DC-Cryptocurrency\dcc_client\out\CMakeFiles\CMakeTmp\cmTC_e616d.vcxproj]


Source:
/* */
#include <windows.h>
#include <ws2tcpip.h>
#include <winsock2.h>
#include <wincrypt.h>
#include <stdio.h>
#include <sys/stat.h>
#include <sys/types.h>
#include <sys/utime.h>
#include <assert.h>
#include <errno.h>
#include <fcntl.h>
#include <io.h>
#include <locale.h>
#include <netinet/tcp.h>


int main(void){return 0;}

Determining if the include file linux/tcp.h exists failed with the following output:
Change Dir: D:/Code/DC-Cryptocurrency/dcc_client/out/CMakeFiles/CMakeTmp

Run Build Command(s):C:/Program Files/Microsoft Visual Studio/2022/Preview/MSBuild/Current/Bin/amd64/MSBuild.exe cmTC_ab5ba.vcxproj /p:Configuration=Debug /p:Platform=x64 /p:VisualStudioVersion=17.0 /v:m && MSBuild version 17.10.4+10fbfbf2e for .NET Framework

  Microsoft (R) C/C++ Optimizing Compiler Version 19.40.33808 for x64
  Copyright (C) Microsoft Corporation.  All rights reserved.
  cl /c /I"C:\Users\Sam\vcpkg\installed\x64-windows\include" /Zi /W3 /WX- /diagnostics:column /Od /Ob0 /D _MBCS /D WIN32 /D _WINDOWS /D _WIN32_WINNT=0x0600 /D _WINSOCKAPI_= /D SECURITY_WIN32 /D "CMAKE_INTDIR=\"Debug\"" /Gm- /RTC1 /MDd /GS /fp:precise /Zc:wchar_t /Zc:forScope /Zc:inline /Fo"cmTC_ab5ba.dir\Debug\\" /Fd"cmTC_ab5ba.dir\Debug\vc143.pdb" /external:W3 /Gd /TC /errorReport:queue "D:\Code\DC-Cryptocurrency\dcc_client\out\CMakeFiles\CMakeTmp\CheckIncludeFile.c"
  CheckIncludeFile.c
D:\Code\DC-Cryptocurrency\dcc_client\out\CMakeFiles\CMakeTmp\CheckIncludeFile.c(1,10): error C1083: Cannot open include file: 'linux/tcp.h': No such file or directory [D:\Code\DC-Cryptocurrency\dcc_client\out\CMakeFiles\CMakeTmp\cmTC_ab5ba.vcxproj]



Determining if files windows.h;ws2tcpip.h;winsock2.h;wincrypt.h;stdio.h;sys/stat.h;sys/types.h;sys/utime.h;assert.h;errno.h;fcntl.h;io.h;locale.h;pem.h exist failed with the following output:
Change Dir: D:/Code/DC-Cryptocurrency/dcc_client/out/CMakeFiles/CMakeTmp

Run Build Command(s):C:/Program Files/Microsoft Visual Studio/2022/Preview/MSBuild/Current/Bin/amd64/MSBuild.exe cmTC_5ac18.vcxproj /p:Configuration=Debug /p:Platform=x64 /p:VisualStudioVersion=17.0 /v:m && MSBuild version 17.10.4+10fbfbf2e for .NET Framework

  Microsoft (R) C/C++ Optimizing Compiler Version 19.40.33808 for x64
  Copyright (C) Microsoft Corporation.  All rights reserved.
  cl /c /I"C:\Users\Sam\vcpkg\installed\x64-windows\include" /Zi /W3 /WX- /diagnostics:column /Od /Ob0 /D _MBCS /D WIN32 /D _WINDOWS /D _WIN32_WINNT=0x0600 /D _WINSOCKAPI_= /D SECURITY_WIN32 /D "CMAKE_INTDIR=\"Debug\"" /Gm- /RTC1 /MDd /GS /fp:precise /Zc:wchar_t /Zc:forScope /Zc:inline /Fo"cmTC_5ac18.dir\Debug\\" /Fd"cmTC_5ac18.dir\Debug\vc143.pdb" /external:W3 /Gd /TC /errorReport:queue "D:\Code\DC-Cryptocurrency\dcc_client\out\CMakeFiles\CheckIncludeFiles\HAVE_PEM_H.c"
  HAVE_PEM_H.c
D:\Code\DC-Cryptocurrency\dcc_client\out\CMakeFiles\CheckIncludeFiles\HAVE_PEM_H.c(15,10): error C1083: Cannot open include file: 'pem.h': No such file or directory [D:\Code\DC-Cryptocurrency\dcc_client\out\CMakeFiles\CMakeTmp\cmTC_5ac18.vcxproj]


Source:
/* */
#include <windows.h>
#include <ws2tcpip.h>
#include <winsock2.h>
#include <wincrypt.h>
#include <stdio.h>
#include <sys/stat.h>
#include <sys/types.h>
#include <sys/utime.h>
#include <assert.h>
#include <errno.h>
#include <fcntl.h>
#include <io.h>
#include <locale.h>
#include <pem.h>


int main(void){return 0;}

Determining if files windows.h;ws2tcpip.h;winsock2.h;wincrypt.h;stdio.h;sys/stat.h;sys/types.h;sys/utime.h;assert.h;errno.h;fcntl.h;io.h;locale.h;poll.h exist failed with the following output:
Change Dir: D:/Code/DC-Cryptocurrency/dcc_client/out/CMakeFiles/CMakeTmp

Run Build Command(s):C:/Program Files/Microsoft Visual Studio/2022/Preview/MSBuild/Current/Bin/amd64/MSBuild.exe cmTC_28fc2.vcxproj /p:Configuration=Debug /p:Platform=x64 /p:VisualStudioVersion=17.0 /v:m && MSBuild version 17.10.4+10fbfbf2e for .NET Framework

  Microsoft (R) C/C++ Optimizing Compiler Version 19.40.33808 for x64
  Copyright (C) Microsoft Corporation.  All rights reserved.
  cl /c /I"C:\Users\Sam\vcpkg\installed\x64-windows\include" /Zi /W3 /WX- /diagnostics:column /Od /Ob0 /D _MBCS /D WIN32 /D _WINDOWS /D _WIN32_WINNT=0x0600 /D _WINSOCKAPI_= /D SECURITY_WIN32 /D "CMAKE_INTDIR=\"Debug\"" /Gm- /RTC1 /MDd /GS /fp:precise /Zc:wchar_t /Zc:forScope /Zc:inline /Fo"cmTC_28fc2.dir\Debug\\" /Fd"cmTC_28fc2.dir\Debug\vc143.pdb" /external:W3 /Gd /TC /errorReport:queue "D:\Code\DC-Cryptocurrency\dcc_client\out\CMakeFiles\CheckIncludeFiles\HAVE_POLL_H.c"
  HAVE_POLL_H.c
D:\Code\DC-Cryptocurrency\dcc_client\out\CMakeFiles\CheckIncludeFiles\HAVE_POLL_H.c(15,10): error C1083: Cannot open include file: 'poll.h': No such file or directory [D:\Code\DC-Cryptocurrency\dcc_client\out\CMakeFiles\CMakeTmp\cmTC_28fc2.vcxproj]


Source:
/* */
#include <windows.h>
#include <ws2tcpip.h>
#include <winsock2.h>
#include <wincrypt.h>
#include <stdio.h>
#include <sys/stat.h>
#include <sys/types.h>
#include <sys/utime.h>
#include <assert.h>
#include <errno.h>
#include <fcntl.h>
#include <io.h>
#include <locale.h>
#include <poll.h>


int main(void){return 0;}

Determining if files windows.h;ws2tcpip.h;winsock2.h;wincrypt.h;stdio.h;sys/stat.h;sys/types.h;sys/utime.h;assert.h;errno.h;fcntl.h;io.h;locale.h;setjmp.h;signal.h;ssl.h exist failed with the following output:
Change Dir: D:/Code/DC-Cryptocurrency/dcc_client/out/CMakeFiles/CMakeTmp

Run Build Command(s):C:/Program Files/Microsoft Visual Studio/2022/Preview/MSBuild/Current/Bin/amd64/MSBuild.exe cmTC_8c81d.vcxproj /p:Configuration=Debug /p:Platform=x64 /p:VisualStudioVersion=17.0 /v:m && MSBuild version 17.10.4+10fbfbf2e for .NET Framework

  Microsoft (R) C/C++ Optimizing Compiler Version 19.40.33808 for x64
  Copyright (C) Microsoft Corporation.  All rights reserved.
  cl /c /I"C:\Users\Sam\vcpkg\installed\x64-windows\include" /Zi /W3 /WX- /diagnostics:column /Od /Ob0 /D _MBCS /D WIN32 /D _WINDOWS /D _WIN32_WINNT=0x0600 /D _WINSOCKAPI_= /D SECURITY_WIN32 /D "CMAKE_INTDIR=\"Debug\"" /Gm- /RTC1 /MDd /GS /fp:precise /Zc:wchar_t /Zc:forScope /Zc:inline /Fo"cmTC_8c81d.dir\Debug\\" /Fd"cmTC_8c81d.dir\Debug\vc143.pdb" /external:W3 /Gd /TC /errorReport:queue "D:\Code\DC-Cryptocurrency\dcc_client\out\CMakeFiles\CheckIncludeFiles\HAVE_SSL_H.c"
  HAVE_SSL_H.c
D:\Code\DC-Cryptocurrency\dcc_client\out\CMakeFiles\CheckIncludeFiles\HAVE_SSL_H.c(17,10): error C1083: Cannot open include file: 'ssl.h': No such file or directory [D:\Code\DC-Cryptocurrency\dcc_client\out\CMakeFiles\CMakeTmp\cmTC_8c81d.vcxproj]


Source:
/* */
#include <windows.h>
#include <ws2tcpip.h>
#include <winsock2.h>
#include <wincrypt.h>
#include <stdio.h>
#include <sys/stat.h>
#include <sys/types.h>
#include <sys/utime.h>
#include <assert.h>
#include <errno.h>
#include <fcntl.h>
#include <io.h>
#include <locale.h>
#include <setjmp.h>
#include <signal.h>
#include <ssl.h>


int main(void){return 0;}

Determining if files windows.h;ws2tcpip.h;winsock2.h;wincrypt.h;stdio.h;sys/stat.h;sys/types.h;sys/utime.h;assert.h;errno.h;fcntl.h;io.h;locale.h;setjmp.h;signal.h;stdbool.h;stdio.h;stdlib.h;string.h;stropts.h exist failed with the following output:
Change Dir: D:/Code/DC-Cryptocurrency/dcc_client/out/CMakeFiles/CMakeTmp

Run Build Command(s):C:/Program Files/Microsoft Visual Studio/2022/Preview/MSBuild/Current/Bin/amd64/MSBuild.exe cmTC_7c452.vcxproj /p:Configuration=Debug /p:Platform=x64 /p:VisualStudioVersion=17.0 /v:m && MSBuild version 17.10.4+10fbfbf2e for .NET Framework

  Microsoft (R) C/C++ Optimizing Compiler Version 19.40.33808 for x64
  Copyright (C) Microsoft Corporation.  All rights reserved.
  cl /c /I"C:\Users\Sam\vcpkg\installed\x64-windows\include" /Zi /W3 /WX- /diagnostics:column /Od /Ob0 /D _MBCS /D WIN32 /D _WINDOWS /D _WIN32_WINNT=0x0600 /D _WINSOCKAPI_= /D SECURITY_WIN32 /D "CMAKE_INTDIR=\"Debug\"" /Gm- /RTC1 /MDd /GS /fp:precise /Zc:wchar_t /Zc:forScope /Zc:inline /Fo"cmTC_7c452.dir\Debug\\" /Fd"cmTC_7c452.dir\Debug\vc143.pdb" /external:W3 /Gd /TC /errorReport:queue "D:\Code\DC-Cryptocurrency\dcc_client\out\CMakeFiles\CheckIncludeFiles\HAVE_STROPTS_H.c"
  HAVE_STROPTS_H.c
D:\Code\DC-Cryptocurrency\dcc_client\out\CMakeFiles\CheckIncludeFiles\HAVE_STROPTS_H.c(21,10): error C1083: Cannot open include file: 'stropts.h': No such file or directory [D:\Code\DC-Cryptocurrency\dcc_client\out\CMakeFiles\CMakeTmp\cmTC_7c452.vcxproj]


Source:
/* */
#include <windows.h>
#include <ws2tcpip.h>
#include <winsock2.h>
#include <wincrypt.h>
#include <stdio.h>
#include <sys/stat.h>
#include <sys/types.h>
#include <sys/utime.h>
#include <assert.h>
#include <errno.h>
#include <fcntl.h>
#include <io.h>
#include <locale.h>
#include <setjmp.h>
#include <signal.h>
#include <stdbool.h>
#include <stdio.h>
#include <stdlib.h>
#include <string.h>
#include <stropts.h>


int main(void){return 0;}

Determining if files windows.h;ws2tcpip.h;winsock2.h;wincrypt.h;stdio.h;sys/stat.h;sys/types.h;sys/utime.h;assert.h;errno.h;fcntl.h;io.h;locale.h;setjmp.h;signal.h;stdbool.h;stdio.h;stdlib.h;string.h;time.h;process.h;stddef.h;malloc.h;memory.h;sys/utsname.h exist failed with the following output:
Change Dir: D:/Code/DC-Cryptocurrency/dcc_client/out/CMakeFiles/CMakeTmp

Run Build Command(s):C:/Program Files/Microsoft Visual Studio/2022/Preview/MSBuild/Current/Bin/amd64/MSBuild.exe cmTC_b2d6e.vcxproj /p:Configuration=Debug /p:Platform=x64 /p:VisualStudioVersion=17.0 /v:m && MSBuild version 17.10.4+10fbfbf2e for .NET Framework

  Microsoft (R) C/C++ Optimizing Compiler Version 19.40.33808 for x64
  Copyright (C) Microsoft Corporation.  All rights reserved.
  cl /c /I"C:\Users\Sam\vcpkg\installed\x64-windows\include" /Zi /W3 /WX- /diagnostics:column /Od /Ob0 /D _MBCS /D WIN32 /D _WINDOWS /D _WIN32_WINNT=0x0600 /D _WINSOCKAPI_= /D SECURITY_WIN32 /D "CMAKE_INTDIR=\"Debug\"" /Gm- /RTC1 /MDd /GS /fp:precise /Zc:wchar_t /Zc:forScope /Zc:inline /Fo"cmTC_b2d6e.dir\Debug\\" /Fd"cmTC_b2d6e.dir\Debug\vc143.pdb" /external:W3 /Gd /TC /errorReport:queue "D:\Code\DC-Cryptocurrency\dcc_client\out\CMakeFiles\CheckIncludeFiles\HAVE_SYS_UTSNAME_H.c"
  HAVE_SYS_UTSNAME_H.c
D:\Code\DC-Cryptocurrency\dcc_client\out\CMakeFiles\CheckIncludeFiles\HAVE_SYS_UTSNAME_H.c(26,10): error C1083: Cannot open include file: 'sys/utsname.h': No such file or directory [D:\Code\DC-Cryptocurrency\dcc_client\out\CMakeFiles\CMakeTmp\cmTC_b2d6e.vcxproj]


Source:
/* */
#include <windows.h>
#include <ws2tcpip.h>
#include <winsock2.h>
#include <wincrypt.h>
#include <stdio.h>
#include <sys/stat.h>
#include <sys/types.h>
#include <sys/utime.h>
#include <assert.h>
#include <errno.h>
#include <fcntl.h>
#include <io.h>
#include <locale.h>
#include <setjmp.h>
#include <signal.h>
#include <stdbool.h>
#include <stdio.h>
#include <stdlib.h>
#include <string.h>
#include <time.h>
#include <process.h>
#include <stddef.h>
#include <malloc.h>
#include <memory.h>
#include <sys/utsname.h>


int main(void){return 0;}

Determining size of ssize_t failed with the following output:
Change Dir: D:/Code/DC-Cryptocurrency/dcc_client/out/CMakeFiles/CMakeTmp

Run Build Command(s):C:/Program Files/Microsoft Visual Studio/2022/Preview/MSBuild/Current/Bin/amd64/MSBuild.exe cmTC_f48d9.vcxproj /p:Configuration=Debug /p:Platform=x64 /p:VisualStudioVersion=17.0 /v:m && MSBuild version 17.10.4+10fbfbf2e for .NET Framework

  Microsoft (R) C/C++ Optimizing Compiler Version 19.40.33808 for x64
  Copyright (C) Microsoft Corporation.  All rights reserved.
  cl /c /I"C:\Users\Sam\vcpkg\installed\x64-windows\include" /Zi /W3 /WX- /diagnostics:column /Od /Ob0 /D _MBCS /D WIN32 /D _WINDOWS /D _WIN32_WINNT=0x0600 /D _WINSOCKAPI_= /D SECURITY_WIN32 /D "CMAKE_INTDIR=\"Debug\"" /Gm- /RTC1 /MDd /GS /fp:precise /Zc:wchar_t /Zc:forScope /Zc:inline /Fo"cmTC_f48d9.dir\Debug\\" /Fd"cmTC_f48d9.dir\Debug\vc143.pdb" /external:W3 /Gd /TC /errorReport:queue "D:\Code\DC-Cryptocurrency\dcc_client\out\CMakeFiles\CheckTypeSize\SIZEOF_SSIZE_T.c"
  SIZEOF_SSIZE_T.c
D:\Code\DC-Cryptocurrency\dcc_client\out\CMakeFiles\CheckTypeSize\SIZEOF_SSIZE_T.c(28,12): error C2065: 'ssize_t': undeclared identifier [D:\Code\DC-Cryptocurrency\dcc_client\out\CMakeFiles\CMakeTmp\cmTC_f48d9.vcxproj]
D:\Code\DC-Cryptocurrency\dcc_client\out\CMakeFiles\CheckTypeSize\SIZEOF_SSIZE_T.c(29,12): error C2065: 'ssize_t': undeclared identifier [D:\Code\DC-Cryptocurrency\dcc_client\out\CMakeFiles\CMakeTmp\cmTC_f48d9.vcxproj]
D:\Code\DC-Cryptocurrency\dcc_client\out\CMakeFiles\CheckTypeSize\SIZEOF_SSIZE_T.c(30,12): error C2065: 'ssize_t': undeclared identifier [D:\Code\DC-Cryptocurrency\dcc_client\out\CMakeFiles\CMakeTmp\cmTC_f48d9.vcxproj]
D:\Code\DC-Cryptocurrency\dcc_client\out\CMakeFiles\CheckTypeSize\SIZEOF_SSIZE_T.c(31,12): error C2065: 'ssize_t': undeclared identifier [D:\Code\DC-Cryptocurrency\dcc_client\out\CMakeFiles\CMakeTmp\cmTC_f48d9.vcxproj]
D:\Code\DC-Cryptocurrency\dcc_client\out\CMakeFiles\CheckTypeSize\SIZEOF_SSIZE_T.c(32,12): error C2065: 'ssize_t': undeclared identifier [D:\Code\DC-Cryptocurrency\dcc_client\out\CMakeFiles\CMakeTmp\cmTC_f48d9.vcxproj]


D:/Code/DC-Cryptocurrency/dcc_client/out/CMakeFiles/CheckTypeSize/SIZEOF_SSIZE_T.c:
#include <sys/types.h>
#include <stddef.h>


#undef KEY
#if defined(__i386)
# define KEY '_','_','i','3','8','6'
#elif defined(__x86_64)
# define KEY '_','_','x','8','6','_','6','4'
#elif defined(__PPC64__)
# define KEY '_','_','P','P','C','6','4','_','_'
#elif defined(__ppc64__)
# define KEY '_','_','p','p','c','6','4','_','_'
#elif defined(__PPC__)
# define KEY '_','_','P','P','C','_','_'
#elif defined(__ppc__)
# define KEY '_','_','p','p','c','_','_'
#elif defined(__aarch64__)
# define KEY '_','_','a','a','r','c','h','6','4','_','_'
#elif defined(__ARM_ARCH_7A__)
# define KEY '_','_','A','R','M','_','A','R','C','H','_','7','A','_','_'
#elif defined(__ARM_ARCH_7S__)
# define KEY '_','_','A','R','M','_','A','R','C','H','_','7','S','_','_'
#endif

#define SIZE (sizeof(ssize_t))
static char info_size[] =  {'I', 'N', 'F', 'O', ':', 's','i','z','e','[',
  ('0' + ((SIZE / 10000)%10)),
  ('0' + ((SIZE / 1000)%10)),
  ('0' + ((SIZE / 100)%10)),
  ('0' + ((SIZE / 10)%10)),
  ('0' +  (SIZE    % 10)),
  ']',
#ifdef KEY
  ' ','k','e','y','[', KEY, ']',
#endif
  '\0'};

#ifdef __CLASSIC_C__
int main(argc, argv) int argc; char *argv[];
#else
int main(int argc, char *argv[])
#endif
{
  int require = 0;
  require += info_size[argc];
  (void)argv;
  return require;
}


Determining if the basename exist failed with the following output:
Change Dir: D:/Code/DC-Cryptocurrency/dcc_client/out/CMakeFiles/CMakeTmp

Run Build Command(s):C:/Program Files/Microsoft Visual Studio/2022/Preview/MSBuild/Current/Bin/amd64/MSBuild.exe cmTC_90701.vcxproj /p:Configuration=Debug /p:Platform=x64 /p:VisualStudioVersion=17.0 /v:m && MSBuild version 17.10.4+10fbfbf2e for .NET Framework

  Microsoft (R) C/C++ Optimizing Compiler Version 19.40.33808 for x64
  Copyright (C) Microsoft Corporation.  All rights reserved.
  cl /c /I"C:\Users\Sam\vcpkg\installed\x64-windows\include" /Zi /W3 /WX- /diagnostics:column /Od /Ob0 /D _MBCS /D WIN32 /D _WINDOWS /D _WIN32_WINNT=0x0600 /D _WINSOCKAPI_= /D SECURITY_WIN32 /D "CMAKE_INTDIR=\"Debug\"" /Gm- /RTC1 /MDd /GS /fp:precise /Zc:wchar_t /Zc:forScope /Zc:inline /Fo"cmTC_90701.dir\Debug\\" /Fd"cmTC_90701.dir\Debug\vc143.pdb" /external:W3 /Gd /TC /errorReport:queue "D:\Code\DC-Cryptocurrency\dcc_client\out\CMakeFiles\CMakeTmp\CheckSymbolExists.c"
  CheckSymbolExists.c
D:\Code\DC-Cryptocurrency\dcc_client\out\CMakeFiles\CMakeTmp\CheckSymbolExists.c(31,19): error C2065: 'basename': undeclared identifier [D:\Code\DC-Cryptocurrency\dcc_client\out\CMakeFiles\CMakeTmp\cmTC_90701.vcxproj]


File D:/Code/DC-Cryptocurrency/dcc_client/out/CMakeFiles/CMakeTmp/CheckSymbolExists.c:
/* */
#include <windows.h>
#include <ws2tcpip.h>
#include <winsock2.h>
#include <wincrypt.h>
#include <stdio.h>
#include <sys/stat.h>
#include <sys/types.h>
#include <sys/utime.h>
#include <assert.h>
#include <errno.h>
#include <fcntl.h>
#include <io.h>
#include <locale.h>
#include <setjmp.h>
#include <signal.h>
#include <stdbool.h>
#include <stdio.h>
#include <stdlib.h>
#include <string.h>
#include <time.h>
#include <process.h>
#include <stddef.h>
#include <malloc.h>
#include <memory.h>

int main(int argc, char** argv)
{
  (void)argv;
#ifndef basename
  return ((int*)(&basename))[argc];
#else
  (void)argc;
  return 0;
#endif
}
Determining if the strncmpi exist failed with the following output:
Change Dir: D:/Code/DC-Cryptocurrency/dcc_client/out/CMakeFiles/CMakeTmp

Run Build Command(s):C:/Program Files/Microsoft Visual Studio/2022/Preview/MSBuild/Current/Bin/amd64/MSBuild.exe cmTC_6d0d7.vcxproj /p:Configuration=Debug /p:Platform=x64 /p:VisualStudioVersion=17.0 /v:m && MSBuild version 17.10.4+10fbfbf2e for .NET Framework

  Microsoft (R) C/C++ Optimizing Compiler Version 19.40.33808 for x64
  Copyright (C) Microsoft Corporation.  All rights reserved.
  cl /c /I"C:\Users\Sam\vcpkg\installed\x64-windows\include" /Zi /W3 /WX- /diagnostics:column /Od /Ob0 /D _MBCS /D WIN32 /D _WINDOWS /D _WIN32_WINNT=0x0600 /D _WINSOCKAPI_= /D SECURITY_WIN32 /D "CMAKE_INTDIR=\"Debug\"" /Gm- /RTC1 /MDd /GS /fp:precise /Zc:wchar_t /Zc:forScope /Zc:inline /Fo"cmTC_6d0d7.dir\Debug\\" /Fd"cmTC_6d0d7.dir\Debug\vc143.pdb" /external:W3 /Gd /TC /errorReport:queue "D:\Code\DC-Cryptocurrency\dcc_client\out\CMakeFiles\CMakeTmp\CheckSymbolExists.c"
  CheckSymbolExists.c
D:\Code\DC-Cryptocurrency\dcc_client\out\CMakeFiles\CMakeTmp\CheckSymbolExists.c(31,19): error C2065: 'strncmpi': undeclared identifier [D:\Code\DC-Cryptocurrency\dcc_client\out\CMakeFiles\CMakeTmp\cmTC_6d0d7.vcxproj]


File D:/Code/DC-Cryptocurrency/dcc_client/out/CMakeFiles/CMakeTmp/CheckSymbolExists.c:
/* */
#include <windows.h>
#include <ws2tcpip.h>
#include <winsock2.h>
#include <wincrypt.h>
#include <stdio.h>
#include <sys/stat.h>
#include <sys/types.h>
#include <sys/utime.h>
#include <assert.h>
#include <errno.h>
#include <fcntl.h>
#include <io.h>
#include <locale.h>
#include <setjmp.h>
#include <signal.h>
#include <stdbool.h>
#include <stdio.h>
#include <stdlib.h>
#include <string.h>
#include <time.h>
#include <process.h>
#include <stddef.h>
#include <malloc.h>
#include <memory.h>

int main(int argc, char** argv)
{
  (void)argv;
#ifndef strncmpi
  return ((int*)(&strncmpi))[argc];
#else
  (void)argc;
  return 0;
#endif
}
Determining if the alarm exist failed with the following output:
Change Dir: D:/Code/DC-Cryptocurrency/dcc_client/out/CMakeFiles/CMakeTmp

Run Build Command(s):C:/Program Files/Microsoft Visual Studio/2022/Preview/MSBuild/Current/Bin/amd64/MSBuild.exe cmTC_9297f.vcxproj /p:Configuration=Debug /p:Platform=x64 /p:VisualStudioVersion=17.0 /v:m && MSBuild version 17.10.4+10fbfbf2e for .NET Framework

  Microsoft (R) C/C++ Optimizing Compiler Version 19.40.33808 for x64
  Copyright (C) Microsoft Corporation.  All rights reserved.
  cl /c /I"C:\Users\Sam\vcpkg\installed\x64-windows\include" /Zi /W3 /WX- /diagnostics:column /Od /Ob0 /D _MBCS /D WIN32 /D _WINDOWS /D _WIN32_WINNT=0x0600 /D _WINSOCKAPI_= /D SECURITY_WIN32 /D "CMAKE_INTDIR=\"Debug\"" /Gm- /RTC1 /MDd /GS /fp:precise /Zc:wchar_t /Zc:forScope /Zc:inline /Fo"cmTC_9297f.dir\Debug\\" /Fd"cmTC_9297f.dir\Debug\vc143.pdb" /external:W3 /Gd /TC /errorReport:queue "D:\Code\DC-Cryptocurrency\dcc_client\out\CMakeFiles\CMakeTmp\CheckSymbolExists.c"
  CheckSymbolExists.c
D:\Code\DC-Cryptocurrency\dcc_client\out\CMakeFiles\CMakeTmp\CheckSymbolExists.c(31,19): error C2065: 'alarm': undeclared identifier [D:\Code\DC-Cryptocurrency\dcc_client\out\CMakeFiles\CMakeTmp\cmTC_9297f.vcxproj]


File D:/Code/DC-Cryptocurrency/dcc_client/out/CMakeFiles/CMakeTmp/CheckSymbolExists.c:
/* */
#include <windows.h>
#include <ws2tcpip.h>
#include <winsock2.h>
#include <wincrypt.h>
#include <stdio.h>
#include <sys/stat.h>
#include <sys/types.h>
#include <sys/utime.h>
#include <assert.h>
#include <errno.h>
#include <fcntl.h>
#include <io.h>
#include <locale.h>
#include <setjmp.h>
#include <signal.h>
#include <stdbool.h>
#include <stdio.h>
#include <stdlib.h>
#include <string.h>
#include <time.h>
#include <process.h>
#include <stddef.h>
#include <malloc.h>
#include <memory.h>

int main(int argc, char** argv)
{
  (void)argv;
#ifndef alarm
  return ((int*)(&alarm))[argc];
#else
  (void)argc;
  return 0;
#endif
}
Determining if the getppid exist failed with the following output:
Change Dir: D:/Code/DC-Cryptocurrency/dcc_client/out/CMakeFiles/CMakeTmp

Run Build Command(s):C:/Program Files/Microsoft Visual Studio/2022/Preview/MSBuild/Current/Bin/amd64/MSBuild.exe cmTC_91d59.vcxproj /p:Configuration=Debug /p:Platform=x64 /p:VisualStudioVersion=17.0 /v:m && MSBuild version 17.10.4+10fbfbf2e for .NET Framework

  Microsoft (R) C/C++ Optimizing Compiler Version 19.40.33808 for x64
  Copyright (C) Microsoft Corporation.  All rights reserved.
  cl /c /I"C:\Users\Sam\vcpkg\installed\x64-windows\include" /Zi /W3 /WX- /diagnostics:column /Od /Ob0 /D _MBCS /D WIN32 /D _WINDOWS /D _WIN32_WINNT=0x0600 /D _WINSOCKAPI_= /D SECURITY_WIN32 /D "CMAKE_INTDIR=\"Debug\"" /Gm- /RTC1 /MDd /GS /fp:precise /Zc:wchar_t /Zc:forScope /Zc:inline /Fo"cmTC_91d59.dir\Debug\\" /Fd"cmTC_91d59.dir\Debug\vc143.pdb" /external:W3 /Gd /TC /errorReport:queue "D:\Code\DC-Cryptocurrency\dcc_client\out\CMakeFiles\CMakeTmp\CheckSymbolExists.c"
  CheckSymbolExists.c
D:\Code\DC-Cryptocurrency\dcc_client\out\CMakeFiles\CMakeTmp\CheckSymbolExists.c(31,19): error C2065: 'getppid': undeclared identifier [D:\Code\DC-Cryptocurrency\dcc_client\out\CMakeFiles\CMakeTmp\cmTC_91d59.vcxproj]


File D:/Code/DC-Cryptocurrency/dcc_client/out/CMakeFiles/CMakeTmp/CheckSymbolExists.c:
/* */
#include <windows.h>
#include <ws2tcpip.h>
#include <winsock2.h>
#include <wincrypt.h>
#include <stdio.h>
#include <sys/stat.h>
#include <sys/types.h>
#include <sys/utime.h>
#include <assert.h>
#include <errno.h>
#include <fcntl.h>
#include <io.h>
#include <locale.h>
#include <setjmp.h>
#include <signal.h>
#include <stdbool.h>
#include <stdio.h>
#include <stdlib.h>
#include <string.h>
#include <time.h>
#include <process.h>
#include <stddef.h>
#include <malloc.h>
#include <memory.h>

int main(int argc, char** argv)
{
  (void)argv;
#ifndef getppid
  return ((int*)(&getppid))[argc];
#else
  (void)argc;
  return 0;
#endif
}
Determining if the utimes exist failed with the following output:
Change Dir: D:/Code/DC-Cryptocurrency/dcc_client/out/CMakeFiles/CMakeTmp

Run Build Command(s):C:/Program Files/Microsoft Visual Studio/2022/Preview/MSBuild/Current/Bin/amd64/MSBuild.exe cmTC_5f394.vcxproj /p:Configuration=Debug /p:Platform=x64 /p:VisualStudioVersion=17.0 /v:m && MSBuild version 17.10.4+10fbfbf2e for .NET Framework

  Microsoft (R) C/C++ Optimizing Compiler Version 19.40.33808 for x64
  Copyright (C) Microsoft Corporation.  All rights reserved.
  cl /c /I"C:\Users\Sam\vcpkg\installed\x64-windows\include" /Zi /W3 /WX- /diagnostics:column /Od /Ob0 /D _MBCS /D WIN32 /D _WINDOWS /D _WIN32_WINNT=0x0600 /D _WINSOCKAPI_= /D SECURITY_WIN32 /D "CMAKE_INTDIR=\"Debug\"" /Gm- /RTC1 /MDd /GS /fp:precise /Zc:wchar_t /Zc:forScope /Zc:inline /Fo"cmTC_5f394.dir\Debug\\" /Fd"cmTC_5f394.dir\Debug\vc143.pdb" /external:W3 /Gd /TC /errorReport:queue "D:\Code\DC-Cryptocurrency\dcc_client\out\CMakeFiles\CMakeTmp\CheckSymbolExists.c"
  CheckSymbolExists.c
D:\Code\DC-Cryptocurrency\dcc_client\out\CMakeFiles\CMakeTmp\CheckSymbolExists.c(31,19): error C2065: 'utimes': undeclared identifier [D:\Code\DC-Cryptocurrency\dcc_client\out\CMakeFiles\CMakeTmp\cmTC_5f394.vcxproj]


File D:/Code/DC-Cryptocurrency/dcc_client/out/CMakeFiles/CMakeTmp/CheckSymbolExists.c:
/* */
#include <windows.h>
#include <ws2tcpip.h>
#include <winsock2.h>
#include <wincrypt.h>
#include <stdio.h>
#include <sys/stat.h>
#include <sys/types.h>
#include <sys/utime.h>
#include <assert.h>
#include <errno.h>
#include <fcntl.h>
#include <io.h>
#include <locale.h>
#include <setjmp.h>
#include <signal.h>
#include <stdbool.h>
#include <stdio.h>
#include <stdlib.h>
#include <string.h>
#include <time.h>
#include <process.h>
#include <stddef.h>
#include <malloc.h>
#include <memory.h>

int main(int argc, char** argv)
{
  (void)argv;
#ifndef utimes
  return ((int*)(&utimes))[argc];
#else
  (void)argc;
  return 0;
#endif
}
Determining if the getpwuid_r exist failed with the following output:
Change Dir: D:/Code/DC-Cryptocurrency/dcc_client/out/CMakeFiles/CMakeTmp

Run Build Command(s):C:/Program Files/Microsoft Visual Studio/2022/Preview/MSBuild/Current/Bin/amd64/MSBuild.exe cmTC_7dbd6.vcxproj /p:Configuration=Debug /p:Platform=x64 /p:VisualStudioVersion=17.0 /v:m && MSBuild version 17.10.4+10fbfbf2e for .NET Framework

  Microsoft (R) C/C++ Optimizing Compiler Version 19.40.33808 for x64
  Copyright (C) Microsoft Corporation.  All rights reserved.
  cl /c /I"C:\Users\Sam\vcpkg\installed\x64-windows\include" /Zi /W3 /WX- /diagnostics:column /Od /Ob0 /D _MBCS /D WIN32 /D _WINDOWS /D _WIN32_WINNT=0x0600 /D _WINSOCKAPI_= /D SECURITY_WIN32 /D "CMAKE_INTDIR=\"Debug\"" /Gm- /RTC1 /MDd /GS /fp:precise /Zc:wchar_t /Zc:forScope /Zc:inline /Fo"cmTC_7dbd6.dir\Debug\\" /Fd"cmTC_7dbd6.dir\Debug\vc143.pdb" /external:W3 /Gd /TC /errorReport:queue "D:\Code\DC-Cryptocurrency\dcc_client\out\CMakeFiles\CMakeTmp\CheckSymbolExists.c"
  CheckSymbolExists.c
D:\Code\DC-Cryptocurrency\dcc_client\out\CMakeFiles\CMakeTmp\CheckSymbolExists.c(31,19): error C2065: 'getpwuid_r': undeclared identifier [D:\Code\DC-Cryptocurrency\dcc_client\out\CMakeFiles\CMakeTmp\cmTC_7dbd6.vcxproj]


File D:/Code/DC-Cryptocurrency/dcc_client/out/CMakeFiles/CMakeTmp/CheckSymbolExists.c:
/* */
#include <windows.h>
#include <ws2tcpip.h>
#include <winsock2.h>
#include <wincrypt.h>
#include <stdio.h>
#include <sys/stat.h>
#include <sys/types.h>
#include <sys/utime.h>
#include <assert.h>
#include <errno.h>
#include <fcntl.h>
#include <io.h>
#include <locale.h>
#include <setjmp.h>
#include <signal.h>
#include <stdbool.h>
#include <stdio.h>
#include <stdlib.h>
#include <string.h>
#include <time.h>
#include <process.h>
#include <stddef.h>
#include <malloc.h>
#include <memory.h>

int main(int argc, char** argv)
{
  (void)argv;
#ifndef getpwuid_r
  return ((int*)(&getpwuid_r))[argc];
#else
  (void)argc;
  return 0;
#endif
}
Determining if the usleep exist failed with the following output:
Change Dir: D:/Code/DC-Cryptocurrency/dcc_client/out/CMakeFiles/CMakeTmp

Run Build Command(s):C:/Program Files/Microsoft Visual Studio/2022/Preview/MSBuild/Current/Bin/amd64/MSBuild.exe cmTC_79be6.vcxproj /p:Configuration=Debug /p:Platform=x64 /p:VisualStudioVersion=17.0 /v:m && MSBuild version 17.10.4+10fbfbf2e for .NET Framework

  Microsoft (R) C/C++ Optimizing Compiler Version 19.40.33808 for x64
  Copyright (C) Microsoft Corporation.  All rights reserved.
  cl /c /I"C:\Users\Sam\vcpkg\installed\x64-windows\include" /Zi /W3 /WX- /diagnostics:column /Od /Ob0 /D _MBCS /D WIN32 /D _WINDOWS /D _WIN32_WINNT=0x0600 /D _WINSOCKAPI_= /D SECURITY_WIN32 /D "CMAKE_INTDIR=\"Debug\"" /Gm- /RTC1 /MDd /GS /fp:precise /Zc:wchar_t /Zc:forScope /Zc:inline /Fo"cmTC_79be6.dir\Debug\\" /Fd"cmTC_79be6.dir\Debug\vc143.pdb" /external:W3 /Gd /TC /errorReport:queue "D:\Code\DC-Cryptocurrency\dcc_client\out\CMakeFiles\CMakeTmp\CheckSymbolExists.c"
  CheckSymbolExists.c
D:\Code\DC-Cryptocurrency\dcc_client\out\CMakeFiles\CMakeTmp\CheckSymbolExists.c(31,19): error C2065: 'usleep': undeclared identifier [D:\Code\DC-Cryptocurrency\dcc_client\out\CMakeFiles\CMakeTmp\cmTC_79be6.vcxproj]


File D:/Code/DC-Cryptocurrency/dcc_client/out/CMakeFiles/CMakeTmp/CheckSymbolExists.c:
/* */
#include <windows.h>
#include <ws2tcpip.h>
#include <winsock2.h>
#include <wincrypt.h>
#include <stdio.h>
#include <sys/stat.h>
#include <sys/types.h>
#include <sys/utime.h>
#include <assert.h>
#include <errno.h>
#include <fcntl.h>
#include <io.h>
#include <locale.h>
#include <setjmp.h>
#include <signal.h>
#include <stdbool.h>
#include <stdio.h>
#include <stdlib.h>
#include <string.h>
#include <time.h>
#include <process.h>
#include <stddef.h>
#include <malloc.h>
#include <memory.h>

int main(int argc, char** argv)
{
  (void)argv;
#ifndef usleep
  return ((int*)(&usleep))[argc];
#else
  (void)argc;
  return 0;
#endif
}
Determining if the strerror_r exist failed with the following output:
Change Dir: D:/Code/DC-Cryptocurrency/dcc_client/out/CMakeFiles/CMakeTmp

Run Build Command(s):C:/Program Files/Microsoft Visual Studio/2022/Preview/MSBuild/Current/Bin/amd64/MSBuild.exe cmTC_f1171.vcxproj /p:Configuration=Debug /p:Platform=x64 /p:VisualStudioVersion=17.0 /v:m && MSBuild version 17.10.4+10fbfbf2e for .NET Framework

  Microsoft (R) C/C++ Optimizing Compiler Version 19.40.33808 for x64
  Copyright (C) Microsoft Corporation.  All rights reserved.
  cl /c /I"C:\Users\Sam\vcpkg\installed\x64-windows\include" /Zi /W3 /WX- /diagnostics:column /Od /Ob0 /D _MBCS /D WIN32 /D _WINDOWS /D _WIN32_WINNT=0x0600 /D _WINSOCKAPI_= /D SECURITY_WIN32 /D "CMAKE_INTDIR=\"Debug\"" /Gm- /RTC1 /MDd /GS /fp:precise /Zc:wchar_t /Zc:forScope /Zc:inline /Fo"cmTC_f1171.dir\Debug\\" /Fd"cmTC_f1171.dir\Debug\vc143.pdb" /external:W3 /Gd /TC /errorReport:queue "D:\Code\DC-Cryptocurrency\dcc_client\out\CMakeFiles\CMakeTmp\CheckSymbolExists.c"
  CheckSymbolExists.c
D:\Code\DC-Cryptocurrency\dcc_client\out\CMakeFiles\CMakeTmp\CheckSymbolExists.c(31,19): error C2065: 'strerror_r': undeclared identifier [D:\Code\DC-Cryptocurrency\dcc_client\out\CMakeFiles\CMakeTmp\cmTC_f1171.vcxproj]


File D:/Code/DC-Cryptocurrency/dcc_client/out/CMakeFiles/CMakeTmp/CheckSymbolExists.c:
/* */
#include <windows.h>
#include <ws2tcpip.h>
#include <winsock2.h>
#include <wincrypt.h>
#include <stdio.h>
#include <sys/stat.h>
#include <sys/types.h>
#include <sys/utime.h>
#include <assert.h>
#include <errno.h>
#include <fcntl.h>
#include <io.h>
#include <locale.h>
#include <setjmp.h>
#include <signal.h>
#include <stdbool.h>
#include <stdio.h>
#include <stdlib.h>
#include <string.h>
#include <time.h>
#include <process.h>
#include <stddef.h>
#include <malloc.h>
#include <memory.h>

int main(int argc, char** argv)
{
  (void)argv;
#ifndef strerror_r
  return ((int*)(&strerror_r))[argc];
#else
  (void)argc;
  return 0;
#endif
}
Determining if the siginterrupt exist failed with the following output:
Change Dir: D:/Code/DC-Cryptocurrency/dcc_client/out/CMakeFiles/CMakeTmp

Run Build Command(s):C:/Program Files/Microsoft Visual Studio/2022/Preview/MSBuild/Current/Bin/amd64/MSBuild.exe cmTC_968a0.vcxproj /p:Configuration=Debug /p:Platform=x64 /p:VisualStudioVersion=17.0 /v:m && MSBuild version 17.10.4+10fbfbf2e for .NET Framework

  Microsoft (R) C/C++ Optimizing Compiler Version 19.40.33808 for x64
  Copyright (C) Microsoft Corporation.  All rights reserved.
  cl /c /I"C:\Users\Sam\vcpkg\installed\x64-windows\include" /Zi /W3 /WX- /diagnostics:column /Od /Ob0 /D _MBCS /D WIN32 /D _WINDOWS /D _WIN32_WINNT=0x0600 /D _WINSOCKAPI_= /D SECURITY_WIN32 /D "CMAKE_INTDIR=\"Debug\"" /Gm- /RTC1 /MDd /GS /fp:precise /Zc:wchar_t /Zc:forScope /Zc:inline /Fo"cmTC_968a0.dir\Debug\\" /Fd"cmTC_968a0.dir\Debug\vc143.pdb" /external:W3 /Gd /TC /errorReport:queue "D:\Code\DC-Cryptocurrency\dcc_client\out\CMakeFiles\CMakeTmp\CheckSymbolExists.c"
  CheckSymbolExists.c
D:\Code\DC-Cryptocurrency\dcc_client\out\CMakeFiles\CMakeTmp\CheckSymbolExists.c(31,19): error C2065: 'siginterrupt': undeclared identifier [D:\Code\DC-Cryptocurrency\dcc_client\out\CMakeFiles\CMakeTmp\cmTC_968a0.vcxproj]


File D:/Code/DC-Cryptocurrency/dcc_client/out/CMakeFiles/CMakeTmp/CheckSymbolExists.c:
/* */
#include <windows.h>
#include <ws2tcpip.h>
#include <winsock2.h>
#include <wincrypt.h>
#include <stdio.h>
#include <sys/stat.h>
#include <sys/types.h>
#include <sys/utime.h>
#include <assert.h>
#include <errno.h>
#include <fcntl.h>
#include <io.h>
#include <locale.h>
#include <setjmp.h>
#include <signal.h>
#include <stdbool.h>
#include <stdio.h>
#include <stdlib.h>
#include <string.h>
#include <time.h>
#include <process.h>
#include <stddef.h>
#include <malloc.h>
#include <memory.h>

int main(int argc, char** argv)
{
  (void)argv;
#ifndef siginterrupt
  return ((int*)(&siginterrupt))[argc];
#else
  (void)argc;
  return 0;
#endif
}
Determining if the pipe exist failed with the following output:
Change Dir: D:/Code/DC-Cryptocurrency/dcc_client/out/CMakeFiles/CMakeTmp

Run Build Command(s):C:/Program Files/Microsoft Visual Studio/2022/Preview/MSBuild/Current/Bin/amd64/MSBuild.exe cmTC_f1b6d.vcxproj /p:Configuration=Debug /p:Platform=x64 /p:VisualStudioVersion=17.0 /v:m && MSBuild version 17.10.4+10fbfbf2e for .NET Framework

  Microsoft (R) C/C++ Optimizing Compiler Version 19.40.33808 for x64
  Copyright (C) Microsoft Corporation.  All rights reserved.
  cl /c /I"C:\Users\Sam\vcpkg\installed\x64-windows\include" /Zi /W3 /WX- /diagnostics:column /Od /Ob0 /D _MBCS /D WIN32 /D _WINDOWS /D _WIN32_WINNT=0x0600 /D _WINSOCKAPI_= /D SECURITY_WIN32 /D "CMAKE_INTDIR=\"Debug\"" /Gm- /RTC1 /MDd /GS /fp:precise /Zc:wchar_t /Zc:forScope /Zc:inline /Fo"cmTC_f1b6d.dir\Debug\\" /Fd"cmTC_f1b6d.dir\Debug\vc143.pdb" /external:W3 /Gd /TC /errorReport:queue "D:\Code\DC-Cryptocurrency\dcc_client\out\CMakeFiles\CMakeTmp\CheckSymbolExists.c"
  CheckSymbolExists.c
D:\Code\DC-Cryptocurrency\dcc_client\out\CMakeFiles\CMakeTmp\CheckSymbolExists.c(31,19): error C2065: 'pipe': undeclared identifier [D:\Code\DC-Cryptocurrency\dcc_client\out\CMakeFiles\CMakeTmp\cmTC_f1b6d.vcxproj]


File D:/Code/DC-Cryptocurrency/dcc_client/out/CMakeFiles/CMakeTmp/CheckSymbolExists.c:
/* */
#include <windows.h>
#include <ws2tcpip.h>
#include <winsock2.h>
#include <wincrypt.h>
#include <stdio.h>
#include <sys/stat.h>
#include <sys/types.h>
#include <sys/utime.h>
#include <assert.h>
#include <errno.h>
#include <fcntl.h>
#include <io.h>
#include <locale.h>
#include <setjmp.h>
#include <signal.h>
#include <stdbool.h>
#include <stdio.h>
#include <stdlib.h>
#include <string.h>
#include <time.h>
#include <process.h>
#include <stddef.h>
#include <malloc.h>
#include <memory.h>

int main(int argc, char** argv)
{
  (void)argv;
#ifndef pipe
  return ((int*)(&pipe))[argc];
#else
  (void)argc;
  return 0;
#endif
}
Determining if the ftruncate exist failed with the following output:
Change Dir: D:/Code/DC-Cryptocurrency/dcc_client/out/CMakeFiles/CMakeTmp

Run Build Command(s):C:/Program Files/Microsoft Visual Studio/2022/Preview/MSBuild/Current/Bin/amd64/MSBuild.exe cmTC_6510d.vcxproj /p:Configuration=Debug /p:Platform=x64 /p:VisualStudioVersion=17.0 /v:m && MSBuild version 17.10.4+10fbfbf2e for .NET Framework

  Microsoft (R) C/C++ Optimizing Compiler Version 19.40.33808 for x64
  Copyright (C) Microsoft Corporation.  All rights reserved.
  cl /c /I"C:\Users\Sam\vcpkg\installed\x64-windows\include" /Zi /W3 /WX- /diagnostics:column /Od /Ob0 /D _MBCS /D WIN32 /D _WINDOWS /D _WIN32_WINNT=0x0600 /D _WINSOCKAPI_= /D SECURITY_WIN32 /D "CMAKE_INTDIR=\"Debug\"" /Gm- /RTC1 /MDd /GS /fp:precise /Zc:wchar_t /Zc:forScope /Zc:inline /Fo"cmTC_6510d.dir\Debug\\" /Fd"cmTC_6510d.dir\Debug\vc143.pdb" /external:W3 /Gd /TC /errorReport:queue "D:\Code\DC-Cryptocurrency\dcc_client\out\CMakeFiles\CMakeTmp\CheckSymbolExists.c"
  CheckSymbolExists.c
D:\Code\DC-Cryptocurrency\dcc_client\out\CMakeFiles\CMakeTmp\CheckSymbolExists.c(31,19): error C2065: 'ftruncate': undeclared identifier [D:\Code\DC-Cryptocurrency\dcc_client\out\CMakeFiles\CMakeTmp\cmTC_6510d.vcxproj]


File D:/Code/DC-Cryptocurrency/dcc_client/out/CMakeFiles/CMakeTmp/CheckSymbolExists.c:
/* */
#include <windows.h>
#include <ws2tcpip.h>
#include <winsock2.h>
#include <wincrypt.h>
#include <stdio.h>
#include <sys/stat.h>
#include <sys/types.h>
#include <sys/utime.h>
#include <assert.h>
#include <errno.h>
#include <fcntl.h>
#include <io.h>
#include <locale.h>
#include <setjmp.h>
#include <signal.h>
#include <stdbool.h>
#include <stdio.h>
#include <stdlib.h>
#include <string.h>
#include <time.h>
#include <process.h>
#include <stddef.h>
#include <malloc.h>
#include <memory.h>

int main(int argc, char** argv)
{
  (void)argv;
#ifndef ftruncate
  return ((int*)(&ftruncate))[argc];
#else
  (void)argc;
  return 0;
#endif
}
Determining if the if_nametoindex exist failed with the following output:
Change Dir: D:/Code/DC-Cryptocurrency/dcc_client/out/CMakeFiles/CMakeTmp

Run Build Command(s):C:/Program Files/Microsoft Visual Studio/2022/Preview/MSBuild/Current/Bin/amd64/MSBuild.exe cmTC_f8084.vcxproj /p:Configuration=Debug /p:Platform=x64 /p:VisualStudioVersion=17.0 /v:m && MSBuild version 17.10.4+10fbfbf2e for .NET Framework

  Microsoft (R) C/C++ Optimizing Compiler Version 19.40.33808 for x64
  Copyright (C) Microsoft Corporation.  All rights reserved.
  cl /c /I"C:\Users\Sam\vcpkg\installed\x64-windows\include" /Zi /W3 /WX- /diagnostics:column /Od /Ob0 /D _MBCS /D WIN32 /D _WINDOWS /D _WIN32_WINNT=0x0600 /D _WINSOCKAPI_= /D SECURITY_WIN32 /D "CMAKE_INTDIR=\"Debug\"" /Gm- /RTC1 /MDd /GS /fp:precise /Zc:wchar_t /Zc:forScope /Zc:inline /Fo"cmTC_f8084.dir\Debug\\" /Fd"cmTC_f8084.dir\Debug\vc143.pdb" /external:W3 /Gd /TC /errorReport:queue "D:\Code\DC-Cryptocurrency\dcc_client\out\CMakeFiles\CMakeTmp\CheckSymbolExists.c"
  CheckSymbolExists.c
D:\Code\DC-Cryptocurrency\dcc_client\out\CMakeFiles\CMakeTmp\CheckSymbolExists.c(31,19): error C2065: 'if_nametoindex': undeclared identifier [D:\Code\DC-Cryptocurrency\dcc_client\out\CMakeFiles\CMakeTmp\cmTC_f8084.vcxproj]


File D:/Code/DC-Cryptocurrency/dcc_client/out/CMakeFiles/CMakeTmp/CheckSymbolExists.c:
/* */
#include <windows.h>
#include <ws2tcpip.h>
#include <winsock2.h>
#include <wincrypt.h>
#include <stdio.h>
#include <sys/stat.h>
#include <sys/types.h>
#include <sys/utime.h>
#include <assert.h>
#include <errno.h>
#include <fcntl.h>
#include <io.h>
#include <locale.h>
#include <setjmp.h>
#include <signal.h>
#include <stdbool.h>
#include <stdio.h>
#include <stdlib.h>
#include <string.h>
#include <time.h>
#include <process.h>
#include <stddef.h>
#include <malloc.h>
#include <memory.h>

int main(int argc, char** argv)
{
  (void)argv;
#ifndef if_nametoindex
  return ((int*)(&if_nametoindex))[argc];
#else
  (void)argc;
  return 0;
#endif
}
Determining if the getrlimit exist failed with the following output:
Change Dir: D:/Code/DC-Cryptocurrency/dcc_client/out/CMakeFiles/CMakeTmp

Run Build Command(s):C:/Program Files/Microsoft Visual Studio/2022/Preview/MSBuild/Current/Bin/amd64/MSBuild.exe cmTC_52096.vcxproj /p:Configuration=Debug /p:Platform=x64 /p:VisualStudioVersion=17.0 /v:m && MSBuild version 17.10.4+10fbfbf2e for .NET Framework

  Microsoft (R) C/C++ Optimizing Compiler Version 19.40.33808 for x64
  Copyright (C) Microsoft Corporation.  All rights reserved.
  cl /c /I"C:\Users\Sam\vcpkg\installed\x64-windows\include" /Zi /W3 /WX- /diagnostics:column /Od /Ob0 /D _MBCS /D WIN32 /D _WINDOWS /D _WIN32_WINNT=0x0600 /D _WINSOCKAPI_= /D SECURITY_WIN32 /D "CMAKE_INTDIR=\"Debug\"" /Gm- /RTC1 /MDd /GS /fp:precise /Zc:wchar_t /Zc:forScope /Zc:inline /Fo"cmTC_52096.dir\Debug\\" /Fd"cmTC_52096.dir\Debug\vc143.pdb" /external:W3 /Gd /TC /errorReport:queue "D:\Code\DC-Cryptocurrency\dcc_client\out\CMakeFiles\CMakeTmp\CheckSymbolExists.c"
  CheckSymbolExists.c
D:\Code\DC-Cryptocurrency\dcc_client\out\CMakeFiles\CMakeTmp\CheckSymbolExists.c(31,19): error C2065: 'getrlimit': undeclared identifier [D:\Code\DC-Cryptocurrency\dcc_client\out\CMakeFiles\CMakeTmp\cmTC_52096.vcxproj]


File D:/Code/DC-Cryptocurrency/dcc_client/out/CMakeFiles/CMakeTmp/CheckSymbolExists.c:
/* */
#include <windows.h>
#include <ws2tcpip.h>
#include <winsock2.h>
#include <wincrypt.h>
#include <stdio.h>
#include <sys/stat.h>
#include <sys/types.h>
#include <sys/utime.h>
#include <assert.h>
#include <errno.h>
#include <fcntl.h>
#include <io.h>
#include <locale.h>
#include <setjmp.h>
#include <signal.h>
#include <stdbool.h>
#include <stdio.h>
#include <stdlib.h>
#include <string.h>
#include <time.h>
#include <process.h>
#include <stddef.h>
#include <malloc.h>
#include <memory.h>

int main(int argc, char** argv)
{
  (void)argv;
#ifndef getrlimit
  return ((int*)(&getrlimit))[argc];
#else
  (void)argc;
  return 0;
#endif
}
Determining if the setrlimit exist failed with the following output:
Change Dir: D:/Code/DC-Cryptocurrency/dcc_client/out/CMakeFiles/CMakeTmp

Run Build Command(s):C:/Program Files/Microsoft Visual Studio/2022/Preview/MSBuild/Current/Bin/amd64/MSBuild.exe cmTC_fad65.vcxproj /p:Configuration=Debug /p:Platform=x64 /p:VisualStudioVersion=17.0 /v:m && MSBuild version 17.10.4+10fbfbf2e for .NET Framework

  Microsoft (R) C/C++ Optimizing Compiler Version 19.40.33808 for x64
  Copyright (C) Microsoft Corporation.  All rights reserved.
  cl /c /I"C:\Users\Sam\vcpkg\installed\x64-windows\include" /Zi /W3 /WX- /diagnostics:column /Od /Ob0 /D _MBCS /D WIN32 /D _WINDOWS /D _WIN32_WINNT=0x0600 /D _WINSOCKAPI_= /D SECURITY_WIN32 /D "CMAKE_INTDIR=\"Debug\"" /Gm- /RTC1 /MDd /GS /fp:precise /Zc:wchar_t /Zc:forScope /Zc:inline /Fo"cmTC_fad65.dir\Debug\\" /Fd"cmTC_fad65.dir\Debug\vc143.pdb" /external:W3 /Gd /TC /errorReport:queue "D:\Code\DC-Cryptocurrency\dcc_client\out\CMakeFiles\CMakeTmp\CheckSymbolExists.c"
  CheckSymbolExists.c
D:\Code\DC-Cryptocurrency\dcc_client\out\CMakeFiles\CMakeTmp\CheckSymbolExists.c(31,19): error C2065: 'setrlimit': undeclared identifier [D:\Code\DC-Cryptocurrency\dcc_client\out\CMakeFiles\CMakeTmp\cmTC_fad65.vcxproj]


File D:/Code/DC-Cryptocurrency/dcc_client/out/CMakeFiles/CMakeTmp/CheckSymbolExists.c:
/* */
#include <windows.h>
#include <ws2tcpip.h>
#include <winsock2.h>
#include <wincrypt.h>
#include <stdio.h>
#include <sys/stat.h>
#include <sys/types.h>
#include <sys/utime.h>
#include <assert.h>
#include <errno.h>
#include <fcntl.h>
#include <io.h>
#include <locale.h>
#include <setjmp.h>
#include <signal.h>
#include <stdbool.h>
#include <stdio.h>
#include <stdlib.h>
#include <string.h>
#include <time.h>
#include <process.h>
#include <stddef.h>
#include <malloc.h>
#include <memory.h>

int main(int argc, char** argv)
{
  (void)argv;
#ifndef setrlimit
  return ((int*)(&setrlimit))[argc];
#else
  (void)argc;
  return 0;
#endif
}
Determining if the fcntl exist failed with the following output:
Change Dir: D:/Code/DC-Cryptocurrency/dcc_client/out/CMakeFiles/CMakeTmp

Run Build Command(s):C:/Program Files/Microsoft Visual Studio/2022/Preview/MSBuild/Current/Bin/amd64/MSBuild.exe cmTC_7b2ec.vcxproj /p:Configuration=Debug /p:Platform=x64 /p:VisualStudioVersion=17.0 /v:m && MSBuild version 17.10.4+10fbfbf2e for .NET Framework

  Microsoft (R) C/C++ Optimizing Compiler Version 19.40.33808 for x64
  Copyright (C) Microsoft Corporation.  All rights reserved.
  cl /c /I"C:\Users\Sam\vcpkg\installed\x64-windows\include" /Zi /W3 /WX- /diagnostics:column /Od /Ob0 /D _MBCS /D WIN32 /D _WINDOWS /D _WIN32_WINNT=0x0600 /D _WINSOCKAPI_= /D SECURITY_WIN32 /D "CMAKE_INTDIR=\"Debug\"" /Gm- /RTC1 /MDd /GS /fp:precise /Zc:wchar_t /Zc:forScope /Zc:inline /Fo"cmTC_7b2ec.dir\Debug\\" /Fd"cmTC_7b2ec.dir\Debug\vc143.pdb" /external:W3 /Gd /TC /errorReport:queue "D:\Code\DC-Cryptocurrency\dcc_client\out\CMakeFiles\CMakeTmp\CheckSymbolExists.c"
  CheckSymbolExists.c
D:\Code\DC-Cryptocurrency\dcc_client\out\CMakeFiles\CMakeTmp\CheckSymbolExists.c(31,19): error C2065: 'fcntl': undeclared identifier [D:\Code\DC-Cryptocurrency\dcc_client\out\CMakeFiles\CMakeTmp\cmTC_7b2ec.vcxproj]


File D:/Code/DC-Cryptocurrency/dcc_client/out/CMakeFiles/CMakeTmp/CheckSymbolExists.c:
/* */
#include <windows.h>
#include <ws2tcpip.h>
#include <winsock2.h>
#include <wincrypt.h>
#include <stdio.h>
#include <sys/stat.h>
#include <sys/types.h>
#include <sys/utime.h>
#include <assert.h>
#include <errno.h>
#include <fcntl.h>
#include <io.h>
#include <locale.h>
#include <setjmp.h>
#include <signal.h>
#include <stdbool.h>
#include <stdio.h>
#include <stdlib.h>
#include <string.h>
#include <time.h>
#include <process.h>
#include <stddef.h>
#include <malloc.h>
#include <memory.h>

int main(int argc, char** argv)
{
  (void)argv;
#ifndef fcntl
  return ((int*)(&fcntl))[argc];
#else
  (void)argc;
  return 0;
#endif
}
Determining if the ioctl exist failed with the following output:
Change Dir: D:/Code/DC-Cryptocurrency/dcc_client/out/CMakeFiles/CMakeTmp

Run Build Command(s):C:/Program Files/Microsoft Visual Studio/2022/Preview/MSBuild/Current/Bin/amd64/MSBuild.exe cmTC_ce2ec.vcxproj /p:Configuration=Debug /p:Platform=x64 /p:VisualStudioVersion=17.0 /v:m && MSBuild version 17.10.4+10fbfbf2e for .NET Framework

  Microsoft (R) C/C++ Optimizing Compiler Version 19.40.33808 for x64
  Copyright (C) Microsoft Corporation.  All rights reserved.
  cl /c /I"C:\Users\Sam\vcpkg\installed\x64-windows\include" /Zi /W3 /WX- /diagnostics:column /Od /Ob0 /D _MBCS /D WIN32 /D _WINDOWS /D _WIN32_WINNT=0x0600 /D _WINSOCKAPI_= /D SECURITY_WIN32 /D "CMAKE_INTDIR=\"Debug\"" /Gm- /RTC1 /MDd /GS /fp:precise /Zc:wchar_t /Zc:forScope /Zc:inline /Fo"cmTC_ce2ec.dir\Debug\\" /Fd"cmTC_ce2ec.dir\Debug\vc143.pdb" /external:W3 /Gd /TC /errorReport:queue "D:\Code\DC-Cryptocurrency\dcc_client\out\CMakeFiles\CMakeTmp\CheckSymbolExists.c"
  CheckSymbolExists.c
D:\Code\DC-Cryptocurrency\dcc_client\out\CMakeFiles\CMakeTmp\CheckSymbolExists.c(31,19): error C2065: 'ioctl': undeclared identifier [D:\Code\DC-Cryptocurrency\dcc_client\out\CMakeFiles\CMakeTmp\cmTC_ce2ec.vcxproj]


File D:/Code/DC-Cryptocurrency/dcc_client/out/CMakeFiles/CMakeTmp/CheckSymbolExists.c:
/* */
#include <windows.h>
#include <ws2tcpip.h>
#include <winsock2.h>
#include <wincrypt.h>
#include <stdio.h>
#include <sys/stat.h>
#include <sys/types.h>
#include <sys/utime.h>
#include <assert.h>
#include <errno.h>
#include <fcntl.h>
#include <io.h>
#include <locale.h>
#include <setjmp.h>
#include <signal.h>
#include <stdbool.h>
#include <stdio.h>
#include <stdlib.h>
#include <string.h>
#include <time.h>
#include <process.h>
#include <stddef.h>
#include <malloc.h>
#include <memory.h>

int main(int argc, char** argv)
{
  (void)argv;
#ifndef ioctl
  return ((int*)(&ioctl))[argc];
#else
  (void)argc;
  return 0;
#endif
}
Determining if the function mach_absolute_time exists failed with the following output:
Change Dir: D:/Code/DC-Cryptocurrency/dcc_client/out/CMakeFiles/CMakeTmp

Run Build Command(s):C:/Program Files/Microsoft Visual Studio/2022/Preview/MSBuild/Current/Bin/amd64/MSBuild.exe cmTC_f0229.vcxproj /p:Configuration=Debug /p:Platform=x64 /p:VisualStudioVersion=17.0 /v:m && MSBuild version 17.10.4+10fbfbf2e for .NET Framework

  Microsoft (R) C/C++ Optimizing Compiler Version 19.40.33808 for x64
  Copyright (C) Microsoft Corporation.  All rights reserved.
  cl /c /I"C:\Users\Sam\vcpkg\installed\x64-windows\include" /Zi /W3 /WX- /diagnostics:column /Od /Ob0 /D _MBCS /D WIN32 /D _WINDOWS /D CHECK_FUNCTION_EXISTS=mach_absolute_time /D _WIN32_WINNT=0x0600 /D _WINSOCKAPI_= /D SECURITY_WIN32 /D "CMAKE_INTDIR=\"Debug\"" /Gm- /RTC1 /MDd /GS /fp:precise /Zc:wchar_t /Zc:forScope /Zc:inline /Fo"cmTC_f0229.dir\Debug\\" /Fd"cmTC_f0229.dir\Debug\vc143.pdb" /external:W3 /Gd /TC /errorReport:queue "C:\Program Files\CMake\share\cmake-3.21\Modules\CheckFunctionExists.c"
  CheckFunctionExists.c
CheckFunctionExists.obj : error LNK2019: unresolved external symbol mach_absolute_time referenced in function main [D:\Code\DC-Cryptocurrency\dcc_client\out\CMakeFiles\CMakeTmp\cmTC_f0229.vcxproj]
D:\Code\DC-Cryptocurrency\dcc_client\out\CMakeFiles\CMakeTmp\Debug\cmTC_f0229.exe : fatal error LNK1120: 1 unresolved externals [D:\Code\DC-Cryptocurrency\dcc_client\out\CMakeFiles\CMakeTmp\cmTC_f0229.vcxproj]



Determining if the fsetxattr exist failed with the following output:
Change Dir: D:/Code/DC-Cryptocurrency/dcc_client/out/CMakeFiles/CMakeTmp

Run Build Command(s):C:/Program Files/Microsoft Visual Studio/2022/Preview/MSBuild/Current/Bin/amd64/MSBuild.exe cmTC_d1493.vcxproj /p:Configuration=Debug /p:Platform=x64 /p:VisualStudioVersion=17.0 /v:m && MSBuild version 17.10.4+10fbfbf2e for .NET Framework

  Microsoft (R) C/C++ Optimizing Compiler Version 19.40.33808 for x64
  Copyright (C) Microsoft Corporation.  All rights reserved.
  cl /c /I"C:\Users\Sam\vcpkg\installed\x64-windows\include" /Zi /W3 /WX- /diagnostics:column /Od /Ob0 /D _MBCS /D WIN32 /D _WINDOWS /D _WIN32_WINNT=0x0600 /D _WINSOCKAPI_= /D SECURITY_WIN32 /D "CMAKE_INTDIR=\"Debug\"" /Gm- /RTC1 /MDd /GS /fp:precise /Zc:wchar_t /Zc:forScope /Zc:inline /Fo"cmTC_d1493.dir\Debug\\" /Fd"cmTC_d1493.dir\Debug\vc143.pdb" /external:W3 /Gd /TC /errorReport:queue "D:\Code\DC-Cryptocurrency\dcc_client\out\CMakeFiles\CMakeTmp\CheckSymbolExists.c"
  CheckSymbolExists.c
D:\Code\DC-Cryptocurrency\dcc_client\out\CMakeFiles\CMakeTmp\CheckSymbolExists.c(31,19): error C2065: 'fsetxattr': undeclared identifier [D:\Code\DC-Cryptocurrency\dcc_client\out\CMakeFiles\CMakeTmp\cmTC_d1493.vcxproj]


File D:/Code/DC-Cryptocurrency/dcc_client/out/CMakeFiles/CMakeTmp/CheckSymbolExists.c:
/* */
#include <windows.h>
#include <ws2tcpip.h>
#include <winsock2.h>
#include <wincrypt.h>
#include <stdio.h>
#include <sys/stat.h>
#include <sys/types.h>
#include <sys/utime.h>
#include <assert.h>
#include <errno.h>
#include <fcntl.h>
#include <io.h>
#include <locale.h>
#include <setjmp.h>
#include <signal.h>
#include <stdbool.h>
#include <stdio.h>
#include <stdlib.h>
#include <string.h>
#include <time.h>
#include <process.h>
#include <stddef.h>
#include <malloc.h>
#include <memory.h>

int main(int argc, char** argv)
{
  (void)argv;
#ifndef fsetxattr
  return ((int*)(&fsetxattr))[argc];
#else
  (void)argc;
  return 0;
#endif
}
Determining size of sa_family_t failed with the following output:
Change Dir: D:/Code/DC-Cryptocurrency/dcc_client/out/CMakeFiles/CMakeTmp

Run Build Command(s):C:/Program Files/Microsoft Visual Studio/2022/Preview/MSBuild/Current/Bin/amd64/MSBuild.exe cmTC_7fc1d.vcxproj /p:Configuration=Debug /p:Platform=x64 /p:VisualStudioVersion=17.0 /v:m && MSBuild version 17.10.4+10fbfbf2e for .NET Framework

  Microsoft (R) C/C++ Optimizing Compiler Version 19.40.33808 for x64
  Copyright (C) Microsoft Corporation.  All rights reserved.
  cl /c /I"C:\Users\Sam\vcpkg\installed\x64-windows\include" /Zi /W3 /WX- /diagnostics:column /Od /Ob0 /D _MBCS /D WIN32 /D _WINDOWS /D _WIN32_WINNT=0x0600 /D _WINSOCKAPI_= /D SECURITY_WIN32 /D "CMAKE_INTDIR=\"Debug\"" /Gm- /RTC1 /MDd /GS /fp:precise /Zc:wchar_t /Zc:forScope /Zc:inline /Fo"cmTC_7fc1d.dir\Debug\\" /Fd"cmTC_7fc1d.dir\Debug\vc143.pdb" /external:W3 /Gd /TC /errorReport:queue "D:\Code\DC-Cryptocurrency\dcc_client\out\CMakeFiles\CheckTypeSize\SIZEOF_SA_FAMILY_T.c"
  SIZEOF_SA_FAMILY_T.c
D:\Code\DC-Cryptocurrency\dcc_client\out\CMakeFiles\CheckTypeSize\SIZEOF_SA_FAMILY_T.c(3,10): error C1083: Cannot open include file: 'sys/socket.h': No such file or directory [D:\Code\DC-Cryptocurrency\dcc_client\out\CMakeFiles\CMakeTmp\cmTC_7fc1d.vcxproj]


D:/Code/DC-Cryptocurrency/dcc_client/out/CMakeFiles/CheckTypeSize/SIZEOF_SA_FAMILY_T.c:
#include <sys/types.h>
#include <stddef.h>
#include "sys/socket.h"


#undef KEY
#if defined(__i386)
# define KEY '_','_','i','3','8','6'
#elif defined(__x86_64)
# define KEY '_','_','x','8','6','_','6','4'
#elif defined(__PPC64__)
# define KEY '_','_','P','P','C','6','4','_','_'
#elif defined(__ppc64__)
# define KEY '_','_','p','p','c','6','4','_','_'
#elif defined(__PPC__)
# define KEY '_','_','P','P','C','_','_'
#elif defined(__ppc__)
# define KEY '_','_','p','p','c','_','_'
#elif defined(__aarch64__)
# define KEY '_','_','a','a','r','c','h','6','4','_','_'
#elif defined(__ARM_ARCH_7A__)
# define KEY '_','_','A','R','M','_','A','R','C','H','_','7','A','_','_'
#elif defined(__ARM_ARCH_7S__)
# define KEY '_','_','A','R','M','_','A','R','C','H','_','7','S','_','_'
#endif

#define SIZE (sizeof(sa_family_t))
static char info_size[] =  {'I', 'N', 'F', 'O', ':', 's','i','z','e','[',
  ('0' + ((SIZE / 10000)%10)),
  ('0' + ((SIZE / 1000)%10)),
  ('0' + ((SIZE / 100)%10)),
  ('0' + ((SIZE / 10)%10)),
  ('0' +  (SIZE    % 10)),
  ']',
#ifdef KEY
  ' ','k','e','y','[', KEY, ']',
#endif
  '\0'};

#ifdef __CLASSIC_C__
int main(argc, argv) int argc; char *argv[];
#else
int main(int argc, char *argv[])
#endif
{
  int require = 0;
  require += info_size[argc];
  (void)argv;
  return require;
}


Determining size of ADDRESS_FAMILY failed with the following output:
Change Dir: D:/Code/DC-Cryptocurrency/dcc_client/out/CMakeFiles/CMakeTmp

Run Build Command(s):C:/Program Files/Microsoft Visual Studio/2022/Preview/MSBuild/Current/Bin/amd64/MSBuild.exe cmTC_2f454.vcxproj /p:Configuration=Debug /p:Platform=x64 /p:VisualStudioVersion=17.0 /v:m && MSBuild version 17.10.4+10fbfbf2e for .NET Framework

  Microsoft (R) C/C++ Optimizing Compiler Version 19.40.33808 for x64
  Copyright (C) Microsoft Corporation.  All rights reserved.
  cl /c /I"C:\Users\Sam\vcpkg\installed\x64-windows\include" /Zi /W3 /WX- /diagnostics:column /Od /Ob0 /D _MBCS /D WIN32 /D _WINDOWS /D _WIN32_WINNT=0x0600 /D _WINSOCKAPI_= /D SECURITY_WIN32 /D "CMAKE_INTDIR=\"Debug\"" /Gm- /RTC1 /MDd /GS /fp:precise /Zc:wchar_t /Zc:forScope /Zc:inline /Fo"cmTC_2f454.dir\Debug\\" /Fd"cmTC_2f454.dir\Debug\vc143.pdb" /external:W3 /Gd /TC /errorReport:queue "D:\Code\DC-Cryptocurrency\dcc_client\out\CMakeFiles\CheckTypeSize\SIZEOF_ADDRESS_FAMILY.c"
  SIZEOF_ADDRESS_FAMILY.c
C:\Program Files (x86)\Windows Kits\10\Include\10.0.22621.0\shared\ws2def.h(47,1): error C1189: #error:  Do not include winsock.h and ws2def.h in the same module. Instead include only winsock2.h. [D:\Code\DC-Cryptocurrency\dcc_client\out\CMakeFiles\CMakeTmp\cmTC_2f454.vcxproj]


D:/Code/DC-Cryptocurrency/dcc_client/out/CMakeFiles/CheckTypeSize/SIZEOF_ADDRESS_FAMILY.c:
#include <sys/types.h>
#include <stddef.h>
#include "ws2def.h"


#undef KEY
#if defined(__i386)
# define KEY '_','_','i','3','8','6'
#elif defined(__x86_64)
# define KEY '_','_','x','8','6','_','6','4'
#elif defined(__PPC64__)
# define KEY '_','_','P','P','C','6','4','_','_'
#elif defined(__ppc64__)
# define KEY '_','_','p','p','c','6','4','_','_'
#elif defined(__PPC__)
# define KEY '_','_','P','P','C','_','_'
#elif defined(__ppc__)
# define KEY '_','_','p','p','c','_','_'
#elif defined(__aarch64__)
# define KEY '_','_','a','a','r','c','h','6','4','_','_'
#elif defined(__ARM_ARCH_7A__)
# define KEY '_','_','A','R','M','_','A','R','C','H','_','7','A','_','_'
#elif defined(__ARM_ARCH_7S__)
# define KEY '_','_','A','R','M','_','A','R','C','H','_','7','S','_','_'
#endif

#define SIZE (sizeof(ADDRESS_FAMILY))
static char info_size[] =  {'I', 'N', 'F', 'O', ':', 's','i','z','e','[',
  ('0' + ((SIZE / 10000)%10)),
  ('0' + ((SIZE / 1000)%10)),
  ('0' + ((SIZE / 100)%10)),
  ('0' + ((SIZE / 10)%10)),
  ('0' +  (SIZE    % 10)),
  ']',
#ifdef KEY
  ' ','k','e','y','[', KEY, ']',
#endif
  '\0'};

#ifdef __CLASSIC_C__
int main(argc, argv) int argc; char *argv[];
#else
int main(int argc, char *argv[])
#endif
{
  int require = 0;
  require += info_size[argc];
  (void)argv;
  return require;
}


Performing Curl Test HAVE_FCNTL_O_NONBLOCK failed with the following output:
Change Dir: D:/Code/DC-Cryptocurrency/dcc_client/out/CMakeFiles/CMakeTmp

Run Build Command(s):C:/Program Files/Microsoft Visual Studio/2022/Preview/MSBuild/Current/Bin/amd64/MSBuild.exe cmTC_45481.vcxproj /p:Configuration=Debug /p:Platform=x64 /p:VisualStudioVersion=17.0 /v:m && MSBuild version 17.10.4+10fbfbf2e for .NET Framework

  Microsoft (R) C/C++ Optimizing Compiler Version 19.40.33808 for x64
  Copyright (C) Microsoft Corporation.  All rights reserved.
  cl /c /I"C:\Users\Sam\vcpkg\installed\x64-windows\include" /Zi /W3 /WX- /diagnostics:column /Od /Ob0 /D _MBCS /D WIN32 /D _WINDOWS /D HAVE_FCNTL_O_NONBLOCK /D HAVE_WINDOWS_H /D HAVE_WS2TCPIP_H /D HAVE_WINSOCK2_H /D HAVE_WINCRYPT_H /D HAVE_STDIO_H /D HAVE_SYS_STAT_H /D HAVE_SYS_TYPES_H /D HAVE_SYS_UTIME_H /D HAVE_ASSERT_H /D HAVE_ERRNO_H /D HAVE_FCNTL_H /D HAVE_IO_H /D HAVE_LOCALE_H /D HAVE_SETJMP_H /D HAVE_SIGNAL_H /D HAVE_STDBOOL_H /D HAVE_STDLIB_H /D HAVE_STRING_H /D HAVE_TIME_H /D HAVE_PROCESS_H /D HAVE_STDDEF_H /D HAVE_MALLOC_H /D HAVE_MEMORY_H /D "CMAKE_INTDIR=\"Debug\"" /Gm- /RTC1 /MDd /GS /fp:precise /Zc:wchar_t /Zc:forScope /Zc:inline /Fo"cmTC_45481.dir\Debug\\" /Fd"cmTC_45481.dir\Debug\vc143.pdb" /external:W3 /Gd /TC /errorReport:queue "D:\Code\DC-Cryptocurrency\dcc_client\out\_deps\curl-src\CMake\CurlTests.c"
  CurlTests.c
D:\Code\DC-Cryptocurrency\dcc_client\out\_deps\curl-src\CMake\CurlTests.c(44,10): error C1083: Cannot open include file: 'unistd.h': No such file or directory [D:\Code\DC-Cryptocurrency\dcc_client\out\CMakeFiles\CMakeTmp\cmTC_45481.vcxproj]


Performing Curl Test HAVE_IOCTLSOCKET_CAMEL failed with the following output:
Change Dir: D:/Code/DC-Cryptocurrency/dcc_client/out/CMakeFiles/CMakeTmp

Run Build Command(s):C:/Program Files/Microsoft Visual Studio/2022/Preview/MSBuild/Current/Bin/amd64/MSBuild.exe cmTC_d41be.vcxproj /p:Configuration=Debug /p:Platform=x64 /p:VisualStudioVersion=17.0 /v:m && MSBuild version 17.10.4+10fbfbf2e for .NET Framework

  Microsoft (R) C/C++ Optimizing Compiler Version 19.40.33808 for x64
  Copyright (C) Microsoft Corporation.  All rights reserved.
  cl /c /I"C:\Users\Sam\vcpkg\installed\x64-windows\include" /Zi /W3 /WX- /diagnostics:column /Od /Ob0 /D _MBCS /D WIN32 /D _WINDOWS /D HAVE_IOCTLSOCKET_CAMEL /D HAVE_WINDOWS_H /D HAVE_WS2TCPIP_H /D HAVE_WINSOCK2_H /D HAVE_WINCRYPT_H /D HAVE_STDIO_H /D HAVE_SYS_STAT_H /D HAVE_SYS_TYPES_H /D HAVE_SYS_UTIME_H /D HAVE_ASSERT_H /D HAVE_ERRNO_H /D HAVE_FCNTL_H /D HAVE_IO_H /D HAVE_LOCALE_H /D HAVE_SETJMP_H /D HAVE_SIGNAL_H /D HAVE_STDBOOL_H /D HAVE_STDLIB_H /D HAVE_STRING_H /D HAVE_TIME_H /D HAVE_PROCESS_H /D HAVE_STDDEF_H /D HAVE_MALLOC_H /D HAVE_MEMORY_H /D "CMAKE_INTDIR=\"Debug\"" /Gm- /RTC1 /MDd /GS /fp:precise /Zc:wchar_t /Zc:forScope /Zc:inline /Fo"cmTC_d41be.dir\Debug\\" /Fd"cmTC_d41be.dir\Debug\vc143.pdb" /external:W3 /Gd /TC /errorReport:queue "D:\Code\DC-Cryptocurrency\dcc_client\out\_deps\curl-src\CMake\CurlTests.c"
  CurlTests.c
D:\Code\DC-Cryptocurrency\dcc_client\out\_deps\curl-src\CMake\CurlTests.c(265,13): warning C4013: 'IoctlSocket' undefined; assuming extern returning int [D:\Code\DC-Cryptocurrency\dcc_client\out\CMakeFiles\CMakeTmp\cmTC_d41be.vcxproj]
CurlTests.obj : error LNK2019: unresolved external symbol IoctlSocket referenced in function main [D:\Code\DC-Cryptocurrency\dcc_client\out\CMakeFiles\CMakeTmp\cmTC_d41be.vcxproj]
D:\Code\DC-Cryptocurrency\dcc_client\out\CMakeFiles\CMakeTmp\Debug\cmTC_d41be.exe : fatal error LNK1120: 1 unresolved externals [D:\Code\DC-Cryptocurrency\dcc_client\out\CMakeFiles\CMakeTmp\cmTC_d41be.vcxproj]


Performing Curl Test HAVE_IOCTLSOCKET_CAMEL_FIONBIO failed with the following output:
Change Dir: D:/Code/DC-Cryptocurrency/dcc_client/out/CMakeFiles/CMakeTmp

Run Build Command(s):C:/Program Files/Microsoft Visual Studio/2022/Preview/MSBuild/Current/Bin/amd64/MSBuild.exe cmTC_42d97.vcxproj /p:Configuration=Debug /p:Platform=x64 /p:VisualStudioVersion=17.0 /v:m && MSBuild version 17.10.4+10fbfbf2e for .NET Framework

  Microsoft (R) C/C++ Optimizing Compiler Version 19.40.33808 for x64
  Copyright (C) Microsoft Corporation.  All rights reserved.
  cl /c /I"C:\Users\Sam\vcpkg\installed\x64-windows\include" /Zi /W3 /WX- /diagnostics:column /Od /Ob0 /D _MBCS /D WIN32 /D _WINDOWS /D HAVE_IOCTLSOCKET_CAMEL_FIONBIO /D HAVE_WINDOWS_H /D HAVE_WS2TCPIP_H /D HAVE_WINSOCK2_H /D HAVE_WINCRYPT_H /D HAVE_STDIO_H /D HAVE_SYS_STAT_H /D HAVE_SYS_TYPES_H /D HAVE_SYS_UTIME_H /D HAVE_ASSERT_H /D HAVE_ERRNO_H /D HAVE_FCNTL_H /D HAVE_IO_H /D HAVE_LOCALE_H /D HAVE_SETJMP_H /D HAVE_SIGNAL_H /D HAVE_STDBOOL_H /D HAVE_STDLIB_H /D HAVE_STRING_H /D HAVE_TIME_H /D HAVE_PROCESS_H /D HAVE_STDDEF_H /D HAVE_MALLOC_H /D HAVE_MEMORY_H /D "CMAKE_INTDIR=\"Debug\"" /Gm- /RTC1 /MDd /GS /fp:precise /Zc:wchar_t /Zc:forScope /Zc:inline /Fo"cmTC_42d97.dir\Debug\\" /Fd"cmTC_42d97.dir\Debug\vc143.pdb" /external:W3 /Gd /TC /errorReport:queue "D:\Code\DC-Cryptocurrency\dcc_client\out\_deps\curl-src\CMake\CurlTests.c"
  CurlTests.c
D:\Code\DC-Cryptocurrency\dcc_client\out\_deps\curl-src\CMake\CurlTests.c(289,17): warning C4013: 'IoctlSocket' undefined; assuming extern returning int [D:\Code\DC-Cryptocurrency\dcc_client\out\CMakeFiles\CMakeTmp\cmTC_42d97.vcxproj]
CurlTests.obj : error LNK2019: unresolved external symbol IoctlSocket referenced in function main [D:\Code\DC-Cryptocurrency\dcc_client\out\CMakeFiles\CMakeTmp\cmTC_42d97.vcxproj]
D:\Code\DC-Cryptocurrency\dcc_client\out\CMakeFiles\CMakeTmp\Debug\cmTC_42d97.exe : fatal error LNK1120: 1 unresolved externals [D:\Code\DC-Cryptocurrency\dcc_client\out\CMakeFiles\CMakeTmp\cmTC_42d97.vcxproj]


Performing Curl Test HAVE_IOCTL_FIONBIO failed with the following output:
Change Dir: D:/Code/DC-Cryptocurrency/dcc_client/out/CMakeFiles/CMakeTmp

Run Build Command(s):C:/Program Files/Microsoft Visual Studio/2022/Preview/MSBuild/Current/Bin/amd64/MSBuild.exe cmTC_6e83c.vcxproj /p:Configuration=Debug /p:Platform=x64 /p:VisualStudioVersion=17.0 /v:m && MSBuild version 17.10.4+10fbfbf2e for .NET Framework

  Microsoft (R) C/C++ Optimizing Compiler Version 19.40.33808 for x64
  Copyright (C) Microsoft Corporation.  All rights reserved.
  cl /c /I"C:\Users\Sam\vcpkg\installed\x64-windows\include" /Zi /W3 /WX- /diagnostics:column /Od /Ob0 /D _MBCS /D WIN32 /D _WINDOWS /D HAVE_IOCTL_FIONBIO /D HAVE_WINDOWS_H /D HAVE_WS2TCPIP_H /D HAVE_WINSOCK2_H /D HAVE_WINCRYPT_H /D HAVE_STDIO_H /D HAVE_SYS_STAT_H /D HAVE_SYS_TYPES_H /D HAVE_SYS_UTIME_H /D HAVE_ASSERT_H /D HAVE_ERRNO_H /D HAVE_FCNTL_H /D HAVE_IO_H /D HAVE_LOCALE_H /D HAVE_SETJMP_H /D HAVE_SIGNAL_H /D HAVE_STDBOOL_H /D HAVE_STDLIB_H /D HAVE_STRING_H /D HAVE_TIME_H /D HAVE_PROCESS_H /D HAVE_STDDEF_H /D HAVE_MALLOC_H /D HAVE_MEMORY_H /D "CMAKE_INTDIR=\"Debug\"" /Gm- /RTC1 /MDd /GS /fp:precise /Zc:wchar_t /Zc:forScope /Zc:inline /Fo"cmTC_6e83c.dir\Debug\\" /Fd"cmTC_6e83c.dir\Debug\vc143.pdb" /external:W3 /Gd /TC /errorReport:queue "D:\Code\DC-Cryptocurrency\dcc_client\out\_deps\curl-src\CMake\CurlTests.c"
  CurlTests.c
D:\Code\DC-Cryptocurrency\dcc_client\out\_deps\curl-src\CMake\CurlTests.c(343,17): warning C4013: 'ioctl' undefined; assuming extern returning int [D:\Code\DC-Cryptocurrency\dcc_client\out\CMakeFiles\CMakeTmp\cmTC_6e83c.vcxproj]
D:\Code\DC-Cryptocurrency\dcc_client\out\_deps\curl-src\CMake\CurlTests.c(343,26): error C2065: 'FIONBIO': undeclared identifier [D:\Code\DC-Cryptocurrency\dcc_client\out\CMakeFiles\CMakeTmp\cmTC_6e83c.vcxproj]


Performing Curl Test HAVE_IOCTL_SIOCGIFADDR failed with the following output:
Change Dir: D:/Code/DC-Cryptocurrency/dcc_client/out/CMakeFiles/CMakeTmp

Run Build Command(s):C:/Program Files/Microsoft Visual Studio/2022/Preview/MSBuild/Current/Bin/amd64/MSBuild.exe cmTC_e6049.vcxproj /p:Configuration=Debug /p:Platform=x64 /p:VisualStudioVersion=17.0 /v:m && MSBuild version 17.10.4+10fbfbf2e for .NET Framework

  Microsoft (R) C/C++ Optimizing Compiler Version 19.40.33808 for x64
  Copyright (C) Microsoft Corporation.  All rights reserved.
  cl /c /I"C:\Users\Sam\vcpkg\installed\x64-windows\include" /Zi /W3 /WX- /diagnostics:column /Od /Ob0 /D _MBCS /D WIN32 /D _WINDOWS /D HAVE_IOCTL_SIOCGIFADDR /D HAVE_WINDOWS_H /D HAVE_WS2TCPIP_H /D HAVE_WINSOCK2_H /D HAVE_WINCRYPT_H /D HAVE_STDIO_H /D HAVE_SYS_STAT_H /D HAVE_SYS_TYPES_H /D HAVE_SYS_UTIME_H /D HAVE_ASSERT_H /D HAVE_ERRNO_H /D HAVE_FCNTL_H /D HAVE_IO_H /D HAVE_LOCALE_H /D HAVE_SETJMP_H /D HAVE_SIGNAL_H /D HAVE_STDBOOL_H /D HAVE_STDLIB_H /D HAVE_STRING_H /D HAVE_TIME_H /D HAVE_PROCESS_H /D HAVE_STDDEF_H /D HAVE_MALLOC_H /D HAVE_MEMORY_H /D "CMAKE_INTDIR=\"Debug\"" /Gm- /RTC1 /MDd /GS /fp:precise /Zc:wchar_t /Zc:forScope /Zc:inline /Fo"cmTC_e6049.dir\Debug\\" /Fd"cmTC_e6049.dir\Debug\vc143.pdb" /external:W3 /Gd /TC /errorReport:queue "D:\Code\DC-Cryptocurrency\dcc_client\out\_deps\curl-src\CMake\CurlTests.c"
  CurlTests.c
D:\Code\DC-Cryptocurrency\dcc_client\out\_deps\curl-src\CMake\CurlTests.c(368,10): error C1083: Cannot open include file: 'net/if.h': No such file or directory [D:\Code\DC-Cryptocurrency\dcc_client\out\CMakeFiles\CMakeTmp\cmTC_e6049.vcxproj]


Performing Curl Test HAVE_SETSOCKOPT_SO_NONBLOCK failed with the following output:
Change Dir: D:/Code/DC-Cryptocurrency/dcc_client/out/CMakeFiles/CMakeTmp

Run Build Command(s):C:/Program Files/Microsoft Visual Studio/2022/Preview/MSBuild/Current/Bin/amd64/MSBuild.exe cmTC_7300c.vcxproj /p:Configuration=Debug /p:Platform=x64 /p:VisualStudioVersion=17.0 /v:m && MSBuild version 17.10.4+10fbfbf2e for .NET Framework

  Microsoft (R) C/C++ Optimizing Compiler Version 19.40.33808 for x64
  Copyright (C) Microsoft Corporation.  All rights reserved.
  cl /c /I"C:\Users\Sam\vcpkg\installed\x64-windows\include" /Zi /W3 /WX- /diagnostics:column /Od /Ob0 /D _MBCS /D WIN32 /D _WINDOWS /D HAVE_SETSOCKOPT_SO_NONBLOCK /D HAVE_WINDOWS_H /D HAVE_WS2TCPIP_H /D HAVE_WINSOCK2_H /D HAVE_WINCRYPT_H /D HAVE_STDIO_H /D HAVE_SYS_STAT_H /D HAVE_SYS_TYPES_H /D HAVE_SYS_UTIME_H /D HAVE_ASSERT_H /D HAVE_ERRNO_H /D HAVE_FCNTL_H /D HAVE_IO_H /D HAVE_LOCALE_H /D HAVE_SETJMP_H /D HAVE_SIGNAL_H /D HAVE_STDBOOL_H /D HAVE_STDLIB_H /D HAVE_STRING_H /D HAVE_TIME_H /D HAVE_PROCESS_H /D HAVE_STDDEF_H /D HAVE_MALLOC_H /D HAVE_MEMORY_H /D "CMAKE_INTDIR=\"Debug\"" /Gm- /RTC1 /MDd /GS /fp:precise /Zc:wchar_t /Zc:forScope /Zc:inline /Fo"cmTC_7300c.dir\Debug\\" /Fd"cmTC_7300c.dir\Debug\vc143.pdb" /external:W3 /Gd /TC /errorReport:queue "D:\Code\DC-Cryptocurrency\dcc_client\out\_deps\curl-src\CMake\CurlTests.c"
  CurlTests.c
D:\Code\DC-Cryptocurrency\dcc_client\out\_deps\curl-src\CMake\CurlTests.c(404,43): error C2065: 'SO_NONBLOCK': undeclared identifier [D:\Code\DC-Cryptocurrency\dcc_client\out\CMakeFiles\CMakeTmp\cmTC_7300c.vcxproj]


Performing Curl Test HAVE_SOCKADDR_IN6_SIN6_SCOPE_ID failed with the following output:
Change Dir: D:/Code/DC-Cryptocurrency/dcc_client/out/CMakeFiles/CMakeTmp

Run Build Command(s):C:/Program Files/Microsoft Visual Studio/2022/Preview/MSBuild/Current/Bin/amd64/MSBuild.exe cmTC_27b09.vcxproj /p:Configuration=Debug /p:Platform=x64 /p:VisualStudioVersion=17.0 /v:m && MSBuild version 17.10.4+10fbfbf2e for .NET Framework

  Microsoft (R) C/C++ Optimizing Compiler Version 19.40.33808 for x64
  Copyright (C) Microsoft Corporation.  All rights reserved.
  cl /c /I"C:\Users\Sam\vcpkg\installed\x64-windows\include" /Zi /W3 /WX- /diagnostics:column /Od /Ob0 /D _MBCS /D WIN32 /D _WINDOWS /D HAVE_SOCKADDR_IN6_SIN6_SCOPE_ID /D HAVE_WINDOWS_H /D HAVE_WS2TCPIP_H /D HAVE_WINSOCK2_H /D HAVE_WINCRYPT_H /D HAVE_STDIO_H /D HAVE_SYS_STAT_H /D HAVE_SYS_TYPES_H /D HAVE_SYS_UTIME_H /D HAVE_ASSERT_H /D HAVE_ERRNO_H /D HAVE_FCNTL_H /D HAVE_IO_H /D HAVE_LOCALE_H /D HAVE_SETJMP_H /D HAVE_SIGNAL_H /D HAVE_STDBOOL_H /D HAVE_STDLIB_H /D HAVE_STRING_H /D HAVE_TIME_H /D HAVE_PROCESS_H /D HAVE_STDDEF_H /D HAVE_MALLOC_H /D HAVE_MEMORY_H /D "CMAKE_INTDIR=\"Debug\"" /Gm- /RTC1 /MDd /GS /fp:precise /Zc:wchar_t /Zc:forScope /Zc:inline /Fo"cmTC_27b09.dir\Debug\\" /Fd"cmTC_27b09.dir\Debug\vc143.pdb" /external:W3 /Gd /TC /errorReport:queue "D:\Code\DC-Cryptocurrency\dcc_client\out\_deps\curl-src\CMake\CurlTests.c"
  CurlTests.c
MSVCRTD.lib(exe_main.obj) : error LNK2019: unresolved external symbol main referenced in function "int __cdecl invoke_main(void)" (?invoke_main@@YAHXZ) [D:\Code\DC-Cryptocurrency\dcc_client\out\CMakeFiles\CMakeTmp\cmTC_27b09.vcxproj]
D:\Code\DC-Cryptocurrency\dcc_client\out\CMakeFiles\CMakeTmp\Debug\cmTC_27b09.exe : fatal error LNK1120: 1 unresolved externals [D:\Code\DC-Cryptocurrency\dcc_client\out\CMakeFiles\CMakeTmp\cmTC_27b09.vcxproj]


Performing Curl Test HAVE_FILE_OFFSET_BITS failed with the following output:
Change Dir: D:/Code/DC-Cryptocurrency/dcc_client/out/CMakeFiles/CMakeTmp

Run Build Command(s):C:/Program Files/Microsoft Visual Studio/2022/Preview/MSBuild/Current/Bin/amd64/MSBuild.exe cmTC_92fe6.vcxproj /p:Configuration=Debug /p:Platform=x64 /p:VisualStudioVersion=17.0 /v:m && MSBuild version 17.10.4+10fbfbf2e for .NET Framework

  Microsoft (R) C/C++ Optimizing Compiler Version 19.40.33808 for x64
  Copyright (C) Microsoft Corporation.  All rights reserved.
  cl /c /I"C:\Users\Sam\vcpkg\installed\x64-windows\include" /Zi /W3 /WX- /diagnostics:column /Od /Ob0 /D _MBCS /D WIN32 /D _WINDOWS /D HAVE_FILE_OFFSET_BITS /D HAVE_WINDOWS_H /D HAVE_WS2TCPIP_H /D HAVE_WINSOCK2_H /D HAVE_WINCRYPT_H /D HAVE_STDIO_H /D HAVE_SYS_STAT_H /D HAVE_SYS_TYPES_H /D HAVE_SYS_UTIME_H /D HAVE_ASSERT_H /D HAVE_ERRNO_H /D HAVE_FCNTL_H /D HAVE_IO_H /D HAVE_LOCALE_H /D HAVE_SETJMP_H /D HAVE_SIGNAL_H /D HAVE_STDBOOL_H /D HAVE_STDLIB_H /D HAVE_STRING_H /D HAVE_TIME_H /D HAVE_PROCESS_H /D HAVE_STDDEF_H /D HAVE_MALLOC_H /D HAVE_MEMORY_H /D "CMAKE_INTDIR=\"Debug\"" /Gm- /RTC1 /MDd /GS /fp:precise /Zc:wchar_t /Zc:forScope /Zc:inline /Fo"cmTC_92fe6.dir\Debug\\" /Fd"cmTC_92fe6.dir\Debug\vc143.pdb" /external:W3 /Gd /TC /errorReport:queue "D:\Code\DC-Cryptocurrency\dcc_client\out\_deps\curl-src\CMake\CurlTests.c"
  CurlTests.c
D:\Code\DC-Cryptocurrency\dcc_client\out\_deps\curl-src\CMake\CurlTests.c(218,23): warning C4293: '<<': shift count negative or too big, undefined behavior [D:\Code\DC-Cryptocurrency\dcc_client\out\CMakeFiles\CMakeTmp\cmTC_92fe6.vcxproj]
D:\Code\DC-Cryptocurrency\dcc_client\out\_deps\curl-src\CMake\CurlTests.c(219,27): warning C4293: '<<': shift count negative or too big, undefined behavior [D:\Code\DC-Cryptocurrency\dcc_client\out\CMakeFiles\CMakeTmp\cmTC_92fe6.vcxproj]
D:\Code\DC-Cryptocurrency\dcc_client\out\_deps\curl-src\CMake\CurlTests.c(218,7): error C2118: negative subscript [D:\Code\DC-Cryptocurrency\dcc_client\out\CMakeFiles\CMakeTmp\cmTC_92fe6.vcxproj]


Performing Curl Test HAVE_VARIADIC_MACROS_GCC failed with the following output:
Change Dir: D:/Code/DC-Cryptocurrency/dcc_client/out/CMakeFiles/CMakeTmp

Run Build Command(s):C:/Program Files/Microsoft Visual Studio/2022/Preview/MSBuild/Current/Bin/amd64/MSBuild.exe cmTC_fc0b5.vcxproj /p:Configuration=Debug /p:Platform=x64 /p:VisualStudioVersion=17.0 /v:m && MSBuild version 17.10.4+10fbfbf2e for .NET Framework

  Microsoft (R) C/C++ Optimizing Compiler Version 19.40.33808 for x64
  Copyright (C) Microsoft Corporation.  All rights reserved.
  cl /c /I"C:\Users\Sam\vcpkg\installed\x64-windows\include" /Zi /W3 /WX- /diagnostics:column /Od /Ob0 /D _MBCS /D WIN32 /D _WINDOWS /D HAVE_VARIADIC_MACROS_GCC /D HAVE_WINDOWS_H /D HAVE_WS2TCPIP_H /D HAVE_WINSOCK2_H /D HAVE_WINCRYPT_H /D HAVE_STDIO_H /D HAVE_SYS_STAT_H /D HAVE_SYS_TYPES_H /D HAVE_SYS_UTIME_H /D HAVE_ASSERT_H /D HAVE_ERRNO_H /D HAVE_FCNTL_H /D HAVE_IO_H /D HAVE_LOCALE_H /D HAVE_SETJMP_H /D HAVE_SIGNAL_H /D HAVE_STDBOOL_H /D HAVE_STDLIB_H /D HAVE_STRING_H /D HAVE_TIME_H /D HAVE_PROCESS_H /D HAVE_STDDEF_H /D HAVE_MALLOC_H /D HAVE_MEMORY_H /D "CMAKE_INTDIR=\"Debug\"" /Gm- /RTC1 /MDd /GS /fp:precise /Zc:wchar_t /Zc:forScope /Zc:inline /Fo"cmTC_fc0b5.dir\Debug\\" /Fd"cmTC_fc0b5.dir\Debug\vc143.pdb" /external:W3 /Gd /TC /errorReport:queue "D:\Code\DC-Cryptocurrency\dcc_client\out\_deps\curl-src\CMake\CurlTests.c"
  CurlTests.c
D:\Code\DC-Cryptocurrency\dcc_client\out\_deps\curl-src\CMake\CurlTests.c(495,32): error C2010: '.': unexpected in macro parameter list [D:\Code\DC-Cryptocurrency\dcc_client\out\CMakeFiles\CMakeTmp\cmTC_fc0b5.vcxproj]
D:\Code\DC-Cryptocurrency\dcc_client\out\_deps\curl-src\CMake\CurlTests.c(496,32): error C2010: '.': unexpected in macro parameter list [D:\Code\DC-Cryptocurrency\dcc_client\out\CMakeFiles\CMakeTmp\cmTC_fc0b5.vcxproj]


Performing Curl Test HAVE_GLIBC_STRERROR_R failed with the following output:
Change Dir: D:/Code/DC-Cryptocurrency/dcc_client/out/CMakeFiles/CMakeTmp

Run Build Command(s):C:/Program Files/Microsoft Visual Studio/2022/Preview/MSBuild/Current/Bin/amd64/MSBuild.exe cmTC_55f6d.vcxproj /p:Configuration=Debug /p:Platform=x64 /p:VisualStudioVersion=17.0 /v:m && MSBuild version 17.10.4+10fbfbf2e for .NET Framework

  Microsoft (R) C/C++ Optimizing Compiler Version 19.40.33808 for x64
  Copyright (C) Microsoft Corporation.  All rights reserved.
  cl /c /I"C:\Users\Sam\vcpkg\installed\x64-windows\include" /Zi /W3 /WX- /diagnostics:column /Od /Ob0 /D _MBCS /D WIN32 /D _WINDOWS /D HAVE_GLIBC_STRERROR_R /D HAVE_WINDOWS_H /D HAVE_WS2TCPIP_H /D HAVE_WINSOCK2_H /D HAVE_WINCRYPT_H /D HAVE_STDIO_H /D HAVE_SYS_STAT_H /D HAVE_SYS_TYPES_H /D HAVE_SYS_UTIME_H /D HAVE_ASSERT_H /D HAVE_ERRNO_H /D HAVE_FCNTL_H /D HAVE_IO_H /D HAVE_LOCALE_H /D HAVE_SETJMP_H /D HAVE_SIGNAL_H /D HAVE_STDBOOL_H /D HAVE_STDLIB_H /D HAVE_STRING_H /D HAVE_TIME_H /D HAVE_PROCESS_H /D HAVE_STDDEF_H /D HAVE_MALLOC_H /D HAVE_MEMORY_H /D "CMAKE_INTDIR=\"Debug\"" /Gm- /RTC1 /MDd /GS /fp:precise /Zc:wchar_t /Zc:forScope /Zc:inline /Fo"cmTC_55f6d.dir\Debug\\" /Fd"cmTC_55f6d.dir\Debug\vc143.pdb" /external:W3 /Gd /TC /errorReport:queue "D:\Code\DC-Cryptocurrency\dcc_client\out\_deps\curl-src\CMake\CurlTests.c"
  CurlTests.c
D:\Code\DC-Cryptocurrency\dcc_client\out\_deps\curl-src\CMake\CurlTests.c(420,9): warning C4013: 'strerror_r' undefined; assuming extern returning int [D:\Code\DC-Cryptocurrency\dcc_client\out\CMakeFiles\CMakeTmp\cmTC_55f6d.vcxproj]
D:\Code\DC-Cryptocurrency\dcc_client\out\_deps\curl-src\CMake\CurlTests.c(420,51): error C2109: subscript requires array or pointer type [D:\Code\DC-Cryptocurrency\dcc_client\out\CMakeFiles\CMakeTmp\cmTC_55f6d.vcxproj]
D:\Code\DC-Cryptocurrency\dcc_client\out\_deps\curl-src\CMake\CurlTests.c(420,3): error C2198: 'check': too few arguments for call [D:\Code\DC-Cryptocurrency\dcc_client\out\CMakeFiles\CMakeTmp\cmTC_55f6d.vcxproj]


Performing Curl Test HAVE_POSIX_STRERROR_R failed with the following output:
Change Dir: D:/Code/DC-Cryptocurrency/dcc_client/out/CMakeFiles/CMakeTmp

Run Build Command(s):C:/Program Files/Microsoft Visual Studio/2022/Preview/MSBuild/Current/Bin/amd64/MSBuild.exe cmTC_9304c.vcxproj /p:Configuration=Debug /p:Platform=x64 /p:VisualStudioVersion=17.0 /v:m && MSBuild version 17.10.4+10fbfbf2e for .NET Framework

  Microsoft (R) C/C++ Optimizing Compiler Version 19.40.33808 for x64
  Copyright (C) Microsoft Corporation.  All rights reserved.
  cl /c /I"C:\Users\Sam\vcpkg\installed\x64-windows\include" /Zi /W3 /WX- /diagnostics:column /Od /Ob0 /D _MBCS /D WIN32 /D _WINDOWS /D HAVE_POSIX_STRERROR_R /D HAVE_WINDOWS_H /D HAVE_WS2TCPIP_H /D HAVE_WINSOCK2_H /D HAVE_WINCRYPT_H /D HAVE_STDIO_H /D HAVE_SYS_STAT_H /D HAVE_SYS_TYPES_H /D HAVE_SYS_UTIME_H /D HAVE_ASSERT_H /D HAVE_ERRNO_H /D HAVE_FCNTL_H /D HAVE_IO_H /D HAVE_LOCALE_H /D HAVE_SETJMP_H /D HAVE_SIGNAL_H /D HAVE_STDBOOL_H /D HAVE_STDLIB_H /D HAVE_STRING_H /D HAVE_TIME_H /D HAVE_PROCESS_H /D HAVE_STDDEF_H /D HAVE_MALLOC_H /D HAVE_MEMORY_H /D "CMAKE_INTDIR=\"Debug\"" /Gm- /RTC1 /MDd /GS /fp:precise /Zc:wchar_t /Zc:forScope /Zc:inline /Fo"cmTC_9304c.dir\Debug\\" /Fd"cmTC_9304c.dir\Debug\vc143.pdb" /external:W3 /Gd /TC /errorReport:queue "D:\Code\DC-Cryptocurrency\dcc_client\out\_deps\curl-src\CMake\CurlTests.c"
  CurlTests.c
D:\Code\DC-Cryptocurrency\dcc_client\out\_deps\curl-src\CMake\CurlTests.c(435,9): warning C4013: 'strerror_r' undefined; assuming extern returning int [D:\Code\DC-Cryptocurrency\dcc_client\out\CMakeFiles\CMakeTmp\cmTC_9304c.vcxproj]
D:\Code\DC-Cryptocurrency\dcc_client\out\_deps\curl-src\CMake\CurlTests.c(435,9): warning C4244: 'function': conversion from 'int' to 'float', possible loss of data [D:\Code\DC-Cryptocurrency\dcc_client\out\CMakeFiles\CMakeTmp\cmTC_9304c.vcxproj]
CurlTests.obj : error LNK2019: unresolved external symbol strerror_r referenced in function main [D:\Code\DC-Cryptocurrency\dcc_client\out\CMakeFiles\CMakeTmp\cmTC_9304c.vcxproj]
D:\Code\DC-Cryptocurrency\dcc_client\out\CMakeFiles\CMakeTmp\Debug\cmTC_9304c.exe : fatal error LNK1120: 1 unresolved externals [D:\Code\DC-Cryptocurrency\dcc_client\out\CMakeFiles\CMakeTmp\cmTC_9304c.vcxproj]


Performing Curl Test HAVE_CLOCK_GETTIME_MONOTONIC failed with the following output:
Change Dir: D:/Code/DC-Cryptocurrency/dcc_client/out/CMakeFiles/CMakeTmp

Run Build Command(s):C:/Program Files/Microsoft Visual Studio/2022/Preview/MSBuild/Current/Bin/amd64/MSBuild.exe cmTC_f17c7.vcxproj /p:Configuration=Debug /p:Platform=x64 /p:VisualStudioVersion=17.0 /v:m && MSBuild version 17.10.4+10fbfbf2e for .NET Framework

  Microsoft (R) C/C++ Optimizing Compiler Version 19.40.33808 for x64
  Copyright (C) Microsoft Corporation.  All rights reserved.
  cl /c /I"C:\Users\Sam\vcpkg\installed\x64-windows\include" /Zi /W3 /WX- /diagnostics:column /Od /Ob0 /D _MBCS /D WIN32 /D _WINDOWS /D HAVE_CLOCK_GETTIME_MONOTONIC /D HAVE_WINDOWS_H /D HAVE_WS2TCPIP_H /D HAVE_WINSOCK2_H /D HAVE_WINCRYPT_H /D HAVE_STDIO_H /D HAVE_SYS_STAT_H /D HAVE_SYS_TYPES_H /D HAVE_SYS_UTIME_H /D HAVE_ASSERT_H /D HAVE_ERRNO_H /D HAVE_FCNTL_H /D HAVE_IO_H /D HAVE_LOCALE_H /D HAVE_SETJMP_H /D HAVE_SIGNAL_H /D HAVE_STDBOOL_H /D HAVE_STDLIB_H /D HAVE_STRING_H /D HAVE_TIME_H /D HAVE_PROCESS_H /D HAVE_STDDEF_H /D HAVE_MALLOC_H /D HAVE_MEMORY_H /D "CMAKE_INTDIR=\"Debug\"" /Gm- /RTC1 /MDd /GS /fp:precise /Zc:wchar_t /Zc:forScope /Zc:inline /Fo"cmTC_f17c7.dir\Debug\\" /Fd"cmTC_f17c7.dir\Debug\vc143.pdb" /external:W3 /Gd /TC /errorReport:queue "D:\Code\DC-Cryptocurrency\dcc_client\out\_deps\curl-src\CMake\CurlTests.c"
  CurlTests.c
D:\Code\DC-Cryptocurrency\dcc_client\out\_deps\curl-src\CMake\CurlTests.c(460,3): warning C4013: 'clock_gettime' undefined; assuming extern returning int [D:\Code\DC-Cryptocurrency\dcc_client\out\CMakeFiles\CMakeTmp\cmTC_f17c7.vcxproj]
D:\Code\DC-Cryptocurrency\dcc_client\out\_deps\curl-src\CMake\CurlTests.c(460,17): error C2065: 'CLOCK_MONOTONIC': undeclared identifier [D:\Code\DC-Cryptocurrency\dcc_client\out\CMakeFiles\CMakeTmp\cmTC_f17c7.vcxproj]


Performing Curl Test HAVE_BUILTIN_AVAILABLE failed with the following output:
Change Dir: D:/Code/DC-Cryptocurrency/dcc_client/out/CMakeFiles/CMakeTmp

Run Build Command(s):C:/Program Files/Microsoft Visual Studio/2022/Preview/MSBuild/Current/Bin/amd64/MSBuild.exe cmTC_69050.vcxproj /p:Configuration=Debug /p:Platform=x64 /p:VisualStudioVersion=17.0 /v:m && MSBuild version 17.10.4+10fbfbf2e for .NET Framework

  Microsoft (R) C/C++ Optimizing Compiler Version 19.40.33808 for x64
  Copyright (C) Microsoft Corporation.  All rights reserved.
  cl /c /I"C:\Users\Sam\vcpkg\installed\x64-windows\include" /Zi /W3 /WX- /diagnostics:column /Od /Ob0 /D _MBCS /D WIN32 /D _WINDOWS /D HAVE_BUILTIN_AVAILABLE /D HAVE_WINDOWS_H /D HAVE_WS2TCPIP_H /D HAVE_WINSOCK2_H /D HAVE_WINCRYPT_H /D HAVE_STDIO_H /D HAVE_SYS_STAT_H /D HAVE_SYS_TYPES_H /D HAVE_SYS_UTIME_H /D HAVE_ASSERT_H /D HAVE_ERRNO_H /D HAVE_FCNTL_H /D HAVE_IO_H /D HAVE_LOCALE_H /D HAVE_SETJMP_H /D HAVE_SIGNAL_H /D HAVE_STDBOOL_H /D HAVE_STDLIB_H /D HAVE_STRING_H /D HAVE_TIME_H /D HAVE_PROCESS_H /D HAVE_STDDEF_H /D HAVE_MALLOC_H /D HAVE_MEMORY_H /D "CMAKE_INTDIR=\"Debug\"" /Gm- /RTC1 /MDd /GS /fp:precise /Zc:wchar_t /Zc:forScope /Zc:inline /Fo"cmTC_69050.dir\Debug\\" /Fd"cmTC_69050.dir\Debug\vc143.pdb" /external:W3 /Gd /TC /errorReport:queue "D:\Code\DC-Cryptocurrency\dcc_client\out\_deps\curl-src\CMake\CurlTests.c"
  CurlTests.c
D:\Code\DC-Cryptocurrency\dcc_client\out\_deps\curl-src\CMake\CurlTests.c(467,6): warning C4013: '__builtin_available' undefined; assuming extern returning int [D:\Code\DC-Cryptocurrency\dcc_client\out\CMakeFiles\CMakeTmp\cmTC_69050.vcxproj]
D:\Code\DC-Cryptocurrency\dcc_client\out\_deps\curl-src\CMake\CurlTests.c(467,26): error C2065: 'macOS': undeclared identifier [D:\Code\DC-Cryptocurrency\dcc_client\out\CMakeFiles\CMakeTmp\cmTC_69050.vcxproj]
D:\Code\DC-Cryptocurrency\dcc_client\out\_deps\curl-src\CMake\CurlTests.c(467,32): error C2143: syntax error: missing ')' before 'constant' [D:\Code\DC-Cryptocurrency\dcc_client\out\CMakeFiles\CMakeTmp\cmTC_69050.vcxproj]
D:\Code\DC-Cryptocurrency\dcc_client\out\_deps\curl-src\CMake\CurlTests.c(467,40): error C2059: syntax error: ')' [D:\Code\DC-Cryptocurrency\dcc_client\out\CMakeFiles\CMakeTmp\cmTC_69050.vcxproj]
D:\Code\DC-Cryptocurrency\dcc_client\out\_deps\curl-src\CMake\CurlTests.c(467,41): error C2059: syntax error: ')' [D:\Code\DC-Cryptocurrency\dcc_client\out\CMakeFiles\CMakeTmp\cmTC_69050.vcxproj]


Performing C SOURCE FILE Test HAVE_MSG_NOSIGNAL failed with the following output:
Change Dir: D:/Code/DC-Cryptocurrency/dcc_client/out/CMakeFiles/CMakeTmp

Run Build Command(s):C:/Program Files/Microsoft Visual Studio/2022/Preview/MSBuild/Current/Bin/amd64/MSBuild.exe cmTC_3a806.vcxproj /p:Configuration=Debug /p:Platform=x64 /p:VisualStudioVersion=17.0 /v:m && MSBuild version 17.10.4+10fbfbf2e for .NET Framework

  Microsoft (R) C/C++ Optimizing Compiler Version 19.40.33808 for x64
  Copyright (C) Microsoft Corporation.  All rights reserved.
  cl /c /I"D:\Code\DC-Cryptocurrency\dcc_client\out\_deps\curl-src\include" /I"C:\Users\Sam\vcpkg\installed\x64-windows\include" /Zi /W3 /WX- /diagnostics:column /Od /Ob0 /D _MBCS /D WIN32 /D _WINDOWS /D _WIN32_WINNT=0x0600 /D _WINSOCKAPI_= /D SECURITY_WIN32 /D HAVE_MSG_NOSIGNAL /D "CMAKE_INTDIR=\"Debug\"" /Gm- /RTC1 /MDd /GS /fp:precise /Zc:wchar_t /Zc:forScope /Zc:inline /Fo"cmTC_3a806.dir\Debug\\" /Fd"D:\Code\DC-Cryptocurrency\dcc_client\out\CMakeFiles\CMakeTmp\Debug\cmTC_3a806.pdb" /external:W3 /Gd /TC /errorReport:queue "D:\Code\DC-Cryptocurrency\dcc_client\out\CMakeFiles\CMakeTmp\src.c"
  src.c
D:\Code\DC-Cryptocurrency\dcc_client\out\CMakeFiles\CMakeTmp\src.c(8,16): error C2065: 'MSG_NOSIGNAL': undeclared identifier [D:\Code\DC-Cryptocurrency\dcc_client\out\CMakeFiles\CMakeTmp\cmTC_3a806.vcxproj]


Source file was:
#undef inline
#include <winsock2.h>
#include <windows.h>
#ifndef WIN32_LEAN_AND_MEAN
#define WIN32_LEAN_AND_MEAN
#endif
  int main(void) {
    int flag = MSG_NOSIGNAL;
    (void)flag;
    return 0;
  }
Performing C SOURCE FILE Test HAVE_POLL_FINE failed with the following compile output:
Change Dir: D:/Code/DC-Cryptocurrency/dcc_client/out/CMakeFiles/CMakeTmp

Run Build Command(s):C:/Program Files/Microsoft Visual Studio/2022/Preview/MSBuild/Current/Bin/amd64/MSBuild.exe cmTC_2fbdb.vcxproj /p:Configuration=Debug /p:Platform=x64 /p:VisualStudioVersion=17.0 /v:m && MSBuild version 17.10.4+10fbfbf2e for .NET Framework

  Microsoft (R) C/C++ Optimizing Compiler Version 19.40.33808 for x64
  Copyright (C) Microsoft Corporation.  All rights reserved.
  cl /c /I"D:\Code\DC-Cryptocurrency\dcc_client\out\_deps\curl-src\include" /I"C:\Users\Sam\vcpkg\installed\x64-windows\include" /Zi /W3 /WX- /diagnostics:column /Od /Ob0 /D _MBCS /D WIN32 /D _WINDOWS /D _WIN32_WINNT=0x0600 /D _WINSOCKAPI_= /D SECURITY_WIN32 /D HAVE_POLL_FINE /D "CMAKE_INTDIR=\"Debug\"" /Gm- /RTC1 /MDd /GS /fp:precise /Zc:wchar_t /Zc:forScope /Zc:inline /Fo"cmTC_2fbdb.dir\Debug\\" /Fd"cmTC_2fbdb.dir\Debug\vc143.pdb" /external:W3 /Gd /TC /errorReport:queue "D:\Code\DC-Cryptocurrency\dcc_client\out\CMakeFiles\CMakeTmp\src.c"
  src.c
D:\Code\DC-Cryptocurrency\dcc_client\out\CMakeFiles\CMakeTmp\src.c(3,14): error C1083: Cannot open include file: 'sys/time.h': No such file or directory [D:\Code\DC-Cryptocurrency\dcc_client\out\CMakeFiles\CMakeTmp\cmTC_2fbdb.vcxproj]


...and run output:

Return value: 1
Source file was:

    #include <stdlib.h>
    #include <sys/time.h>

    #ifdef HAVE_SYS_POLL_H
    #  include <sys/poll.h>
    #elif  HAVE_POLL_H
    #  include <poll.h>
    #endif

    int main(void)
    {
        if(0 != poll(0, 0, 10)) {
          return 1; /* fail */
        }
        else {
          /* detect the 10.12 poll() breakage */
          struct timeval before, after;
          int rc;
          size_t us;

          gettimeofday(&before, NULL);
          rc = poll(NULL, 0, 500);
          gettimeofday(&after, NULL);

          us = (after.tv_sec - before.tv_sec) * 1000000 +
            (after.tv_usec - before.tv_usec);

          if(us < 400000) {
            return 1;
          }
        }
        return 0;
    }
